[03/04/2017 20:21:23] sicnuisa_admin logged in
[03/11/2017 20:58:28] sicnuisa_admin logged in
[03/11/2017 22:14:08] sicnuisa_admin logged in
[03/11/2017 23:11:25] test2 logged in
[03/12/2017 01:49:51] sicnuisa_admin logged in
[03/12/2017 04:26:10] test logged in
[03/12/2017 04:33:21] test logged in
[03/12/2017 04:44:54] test2 logged in
[03/12/2017 05:14:32] sicnuisa_admin logged in
[03/13/2017 22:31:58] test logged in
[03/13/2017 22:32:25] sicnuisa_admin logged in
[04/08/2017 06:09:20] test logged in
[04/08/2017 06:12:09] sicnuisa_admin logged in
[04/08/2017 06:22:45] test logged in
[04/08/2017 06:28:44] test logged in
[04/08/2017 06:35:53] test logged in
[04/14/2017 05:54:01] test logged in
[05/02/2017 20:50:13] test logged in
[05/02/2017 21:00:40] test logged in
[05/02/2017 22:27:30] sicnuisa_admin logged in
[05/04/2017 05:17:06] sicnuisa_admin logged in
[05/04/2017 09:54:36] sicnuisa_admin logged in
[05/04/2017 10:18:27] test logged in
[05/05/2017 19:29:09] test logged in
[05/05/2017 19:29:29] sicnuisa_admin logged in
[05/05/2017 19:30:21] test logged in
[05/05/2017 19:32:37] test logged in
[05/05/2017 19:33:56] test logged in
[05/05/2017 19:58:47] sicnuisa_admin logged in
[05/05/2017 22:06:37] sicnuisa_admin logged in
[05/06/2017 01:48:15] sicnuisa_admin logged in
[05/06/2017 03:07:40] sicnuisa_admin logged in
[05/06/2017 03:43:04] test logged in
[05/06/2017 04:43:19] sicnuisa_admin logged in
[05/06/2017 07:23:17] sicnuisa_admin logged in
[05/06/2017 07:25:30] sicnuisa_admin logged in
[05/06/2017 07:31:24] test logged in
[05/06/2017 16:34:32] sicnuisa_admin logged in
[05/06/2017 17:02:11] sicnuisa_admin logged in
[05/06/2017 17:37:00] test logged in
[05/06/2017 17:38:16] sicnuisa_admin logged in
[05/06/2017 18:05:05] 董天董地董蛤 logged in
[05/06/2017 18:05:16] test logged in
[05/06/2017 18:05:31] 董天董地董蛤 logged in
[05/06/2017 18:07:45] 董天董地董蛤 logged in
[05/06/2017 18:13:51] 6602 logged in
[05/06/2017 18:13:54] Flyteam4 logged in
[05/06/2017 18:14:26] 三脸懵逼 logged in
[05/06/2017 18:14:48] 西石油二队 logged in
[05/06/2017 18:15:09] 死亡地平线 logged in
[05/06/2017 18:15:16] 西石油二队 logged in
[05/06/2017 18:15:22] 不晓得取啥队伍名 logged in
[05/06/2017 18:15:26] 三脸懵逼 logged in
[05/06/2017 18:16:47] WHT logged in
[05/06/2017 18:16:52] 不晓得取啥队伍名 logged in
[05/06/2017 18:17:01] 6602 logged in
[05/06/2017 18:17:02] 西石油二队 logged in
[05/06/2017 18:17:04] Flyteam0 logged in
[05/06/2017 18:17:07] 冰血封情 logged in
[05/06/2017 18:17:09] Flyteam0 logged in
[05/06/2017 18:17:11] 6602 logged in
[05/06/2017 18:17:17] Flyteam1 logged in
[05/06/2017 18:17:19] Flyteam4 logged in
[05/06/2017 18:17:40] ThreeNB logged in
[05/06/2017 18:17:44] 西石油三队 logged in
[05/06/2017 18:17:58] 法兰街舞队 logged in
[05/06/2017 18:18:12] 西石油三队 logged in
[05/06/2017 18:18:30] zzz logged in
[05/06/2017 18:18:36] 法兰街舞队 logged in
[05/06/2017 18:18:47] 西石油一队 logged in
[05/06/2017 18:19:21] 不晓得取啥队伍名 logged in
[05/06/2017 18:19:26] Flyteam4 logged in
[05/06/2017 18:19:30] Flyteam1 logged in
[05/06/2017 18:19:40] 笑傲江湖 logged in
[05/06/2017 18:19:41] 西石油三队 logged in
[05/06/2017 18:19:50] 西石油一队 logged in
[05/06/2017 18:20:03] Flyteam0 logged in
[05/06/2017 18:20:13] 西石油一队 logged in
[05/06/2017 18:20:23] ThreeNB logged in
[05/06/2017 18:20:29] Flyteam1 logged in
[05/06/2017 18:20:47] Flyteam3 logged in
[05/06/2017 18:20:47] Flyteam5 logged in
[05/06/2017 18:20:48] Flyteam3 logged in
[05/06/2017 18:20:52] ThreeNB logged in
[05/06/2017 18:21:11] Flyteam2 logged in
[05/06/2017 18:21:22] ThreeNB logged in
[05/06/2017 18:21:32] 法兰街舞队 logged in
[05/06/2017 18:21:55] Flyteam5 logged in
[05/06/2017 18:21:59] 笑傲江湖 logged in
[05/06/2017 18:22:03] 冰血封情 logged in
[05/06/2017 18:22:05] Flyteam3 logged in
[05/06/2017 18:22:11] WHT logged in
[05/06/2017 18:22:16] Flyteam2 logged in
[05/06/2017 18:22:21] 冰血封情 logged in
[05/06/2017 18:22:47] Flyteam2 logged in
[05/06/2017 18:23:12] 抽象二队 logged in
[05/06/2017 18:23:39] 抽象二队 logged in
[05/06/2017 18:23:57] Flyteam3 logged in
[05/06/2017 18:24:23] Flyteam1 logged in
[05/06/2017 18:25:02] Flyteam5 logged in
[05/06/2017 18:25:02] ThreeNB logged in
[05/06/2017 18:25:21] Flyteam5 logged in
[05/06/2017 18:25:23] sicnuisa_admin logged in
[05/06/2017 18:25:51] Flyteam3 logged in
[05/06/2017 18:26:28] WHT logged in
[05/06/2017 18:27:00] 冰血封情 logged in
[05/06/2017 18:27:57] 三脸懵逼 logged in
[05/06/2017 18:28:29] 笑傲江湖 logged in
[05/06/2017 18:29:16] WHT logged in
[05/06/2017 18:30:36] 不晓得取啥队伍名 logged in
[05/06/2017 18:33:09] WHT logged in
[05/06/2017 18:34:54] Flyteam3 logged in
[05/06/2017 18:36:03] Flyteam2 logged in
[05/06/2017 18:39:10] Flyteam3 logged in
[05/06/2017 18:40:06] 董天董地董蛤 logged in
[05/06/2017 18:40:25] 西石油二队 logged in
[05/06/2017 18:42:48] Flyteam5 logged in
[05/06/2017 18:43:43] Flyteam2 logged in
[05/06/2017 18:44:01] Flyteam5 logged in
[05/06/2017 18:45:54] Flyteam3 logged in
[05/06/2017 18:47:20] 西石油二队 logged in
[05/06/2017 18:48:42] Flyteam3 logged in
[05/06/2017 18:49:27] 抽象二队 logged in
[05/06/2017 18:50:58] WHT logged in
[05/06/2017 18:51:23] Flyteam2 logged in
[05/06/2017 18:54:49] Flyteam1 logged in
[05/06/2017 18:59:38] test logged in
[05/06/2017 19:03:43] Flyteam5 logged in
[05/06/2017 19:08:02] Flyteam3 logged in
[05/06/2017 19:11:09] 6602 logged in
[05/06/2017 19:13:22] test logged in
[05/06/2017 19:16:04] Flyteam3 logged in
[05/06/2017 19:16:39] 三脸懵逼 logged in
[05/06/2017 19:27:07] Flyteam3 logged in
[05/06/2017 19:31:23] Flyteam5 logged in
[05/06/2017 19:31:23] 三脸懵逼 logged in
[05/06/2017 19:31:32] 冰血封情 logged in
[05/06/2017 19:32:17] Flyteam3 logged in
[05/06/2017 19:41:19] 三脸懵逼 logged in
[05/06/2017 19:42:04] 法兰街舞队 logged in
[05/06/2017 19:43:56] test logged in
[05/06/2017 19:51:01] 冰血封情 logged in
[05/06/2017 19:51:21] Flyteam3 logged in
[05/06/2017 19:52:37] Flyteam3 logged in
[05/06/2017 20:03:53] Flyteam3 logged in
[05/06/2017 20:11:18] 6602 logged in
[05/06/2017 20:11:49] 6602 logged in
[05/06/2017 20:17:45] Flyteam3 logged in
[05/06/2017 20:18:46] test logged in
[05/06/2017 20:23:09] Flyteam3 logged in
[05/06/2017 20:34:53] Flyteam3 logged in
[05/06/2017 20:39:18] 死亡地平线 logged in
[05/06/2017 20:40:12] Flyteam3 logged in
[05/06/2017 20:42:13] Flyteam3 logged in
[05/06/2017 20:42:53] Flyteam3 logged in
[05/06/2017 20:43:00] 冰血封情 logged in
[05/06/2017 20:43:45] Flyteam3 logged in
[05/06/2017 20:47:40] 西石油二队 logged in
[05/06/2017 20:56:07] sicnuisa_admin logged in
[05/06/2017 21:04:56] Flyteam1 logged in
[05/06/2017 21:05:28] 西石油二队 logged in
[05/06/2017 21:05:31] Flyteam3 logged in
[05/06/2017 21:14:00] 冰血封情 logged in
[05/06/2017 21:20:06] Flyteam1 logged in
[05/06/2017 21:21:21] ThreeNB logged in
[05/06/2017 21:33:32] Flyteam3 logged in
[05/06/2017 21:39:04] 死亡地平线 logged in
[05/06/2017 21:40:26] Flyteam3 logged in
[05/06/2017 21:55:11] Flyteam3 logged in
[05/06/2017 21:59:26] 死亡地平线 logged in
[05/06/2017 22:03:04] Flyteam3 logged in
[05/06/2017 22:04:33] Flyteam5 logged in
[05/06/2017 22:19:18] test logged in
[05/06/2017 22:37:06] Flyteam4 logged in
[05/06/2017 22:38:53] 6602 logged in
[05/06/2017 22:40:17] 6602 logged in
[05/06/2017 22:44:40] 三脸懵逼 logged in
[05/06/2017 22:46:27] Flyteam4 logged in
[05/06/2017 22:47:05] test logged in
[05/06/2017 22:48:26] Flyteam3 logged in
[05/06/2017 22:49:01] 笑傲江湖 logged in
[05/06/2017 22:57:04] 西石油二队 logged in
[05/06/2017 22:57:46] test logged in
[05/06/2017 22:58:05] test logged in
[05/06/2017 23:02:26] Flyteam1 logged in
[05/06/2017 23:11:06] ThreeNB logged in
[05/06/2017 23:11:29] ThreeNB logged in
[05/06/2017 23:20:15] 冰血封情 logged in
[05/06/2017 23:20:18] test logged in
[05/06/2017 23:33:33] test logged in
[05/06/2017 23:33:41] Flyteam3 logged in
[05/06/2017 23:53:24] 董天董地董蛤 logged in
[05/06/2017 23:57:09] sicnuisa_admin logged in
[05/07/2017 00:12:09] test logged in
[05/07/2017 00:13:57] Flyteam3 logged in
[05/07/2017 00:14:19] 死亡地平线 logged in
[05/07/2017 00:16:25] Flyteam3 logged in
[05/07/2017 00:17:42] Flyteam3 logged in
[05/07/2017 00:18:10] test logged in
[05/07/2017 00:18:58] Flyteam3 logged in
[05/07/2017 00:24:26] test logged in
[05/07/2017 00:26:23] test logged in
[05/07/2017 00:28:42] Flyteam1 logged in
[05/07/2017 00:31:20] Flyteam1 logged in
[05/07/2017 00:34:11] Flyteam3 logged in
[05/07/2017 00:34:20] 西石油一队 logged in
[05/07/2017 00:43:02] Flyteam2 logged in
[05/07/2017 00:45:29] Flyteam3 logged in
[05/07/2017 00:46:06] 西石油一队 logged in
[05/07/2017 00:55:06] 死亡地平线 logged in
[05/07/2017 01:12:27] Flyteam5 logged in
[05/07/2017 01:24:53] Flyteam4 logged in
[05/07/2017 01:44:49] 抽象二队 logged in
[05/07/2017 01:52:41] 6602 logged in
[05/07/2017 01:56:08] 董天董地董蛤 logged in
[05/07/2017 01:57:56] Flyteam0 logged in
[05/07/2017 02:01:40] 董天董地董蛤 logged in
[05/07/2017 21:51:46] sicnuisa_admin logged in
