[03/11/2017 21:46:41] test registered with test@test.com
[03/11/2017 22:32:25] test2 registered with test2@test.com
[05/06/2017 03:30:47] 三脸懵逼 registered with tmp1@ttmp.com
[05/06/2017 03:32:00] WHT registered with tmp2@tmp.com
[05/06/2017 03:32:32] 死亡地平线 registered with tmp3@tmp.com
[05/06/2017 03:33:17] Flyteam0 registered with tmp4@tmp.com
[05/06/2017 03:33:52] Flyteam1 registered with tmp5@tmp.com
[05/06/2017 03:34:18] Flyteam2 registered with tmp6@tmp.com
[05/06/2017 03:34:57] Flyteam3 registered with tmp1@tmp.com
[05/06/2017 03:35:28] Flyteam4 registered with tmp7@tmp.com
[05/06/2017 03:35:51] Flyteam5 registered with tmp8@tmp.com
[05/06/2017 03:36:43] 西石油一队 registered with tmp9@tmp.com
[05/06/2017 03:37:22] 西石油二队 registered with tmp10@tmp.com
[05/06/2017 03:37:53] 西石油三队 registered with tmp11@tmp.com
[05/06/2017 03:38:26] 6602 registered with tmp13@tmp.com
[05/06/2017 03:38:53] 法兰街舞队 registered with tmp14@tmp.com
[05/06/2017 03:39:18] 董天董地董蛤 registered with tmp15@tmp.com
[05/06/2017 03:39:48] 抽象二队 registered with tmp16@tmp.com
[05/06/2017 03:40:10] 冰血封情 registered with tmp17@tmp.com
[05/06/2017 03:40:31] ThreeNB registered with tmp18@tmp.com
[05/06/2017 03:40:57] 笑傲江湖 registered with tmp19@tmp.com
[05/06/2017 03:41:23] 不晓得取啥队伍名 registered with tmp20@tmp.com
[05/06/2017 05:27:34] zzz registered with tmp22@temp.com
